2022-12-12T08:43:57.437591Z 0 [Warning] TIMESTAMP with implicit DEFAULT value is deprecated. Please use --explicit_defaults_for_timestamp server option (see documentation for more details).
2022-12-12T08:43:57.437591Z 0 [Warning] 'NO_ZERO_DATE', 'NO_ZERO_IN_DATE' and 'ERROR_FOR_DIVISION_BY_ZERO' sql modes should be used with strict mode. They will be merged with strict mode in a future release.
2022-12-12T08:43:57.437591Z 0 [Warning] 'NO_AUTO_CREATE_USER' sql mode was not set.
2022-12-12T08:43:57.437591Z 0 [Warning] Insecure configuration for --secure-file-priv: Current value does not restrict location of generated files. Consider setting it to a valid, non-empty path.
2022-12-12T08:43:57.437591Z 0 [ERROR] Cannot open Windows EventLog; check privileges, or start server with --log_syslog=0
2022-12-12T08:43:57.437591Z 0 [Note] C:\Users\damloup\Desktop\Routes\00-Database\bin\database\mysql-5.7.11\bin\mysqld.exe (mysqld 5.7.11) starting as process 16856 ...
2022-12-12T08:43:57.455590Z 0 [ERROR] Can't open shared library 'C:\Users\damloup\Desktop\Routes\00-Database\bin\database\mysql-5.7.11\lib\plugin\keyring_file.dll' (errno: 126 Le module spécifié est introuvable.)
2022-12-12T08:43:57.456595Z 0 [ERROR] Couldn't load plugin named 'keyring_file' with soname 'keyring_file.dll'.
2022-12-12T08:43:57.457590Z 0 [Note] InnoDB: Mutexes and rw_locks use Windows interlocked functions
2022-12-12T08:43:57.457590Z 0 [Note] InnoDB: Uses event mutexes
2022-12-12T08:43:57.457590Z 0 [Note] InnoDB: Memory barrier is not used
2022-12-12T08:43:57.457590Z 0 [Note] InnoDB: Compressed tables use zlib 1.2.3
2022-12-12T08:43:57.458591Z 0 [Note] InnoDB: Number of pools: 1
2022-12-12T08:43:57.458591Z 0 [Note] InnoDB: Not using CPU crc32 instructions
2022-12-12T08:43:57.491921Z 0 [Note] InnoDB: Initializing buffer pool, total size = 128M, instances = 1, chunk size = 128M
2022-12-12T08:43:57.495905Z 0 [Note] InnoDB: Completed initialization of buffer pool
2022-12-12T08:43:57.549061Z 0 [Note] InnoDB: Highest supported file format is Barracuda.
2022-12-12T08:43:57.551062Z 0 [Note] InnoDB: Log scan progressed past the checkpoint lsn 1437835
2022-12-12T08:43:57.551062Z 0 [Note] InnoDB: Doing recovery: scanned up to log sequence number 1437844
2022-12-12T08:43:57.552062Z 0 [Note] InnoDB: Doing recovery: scanned up to log sequence number 1437844
2022-12-12T08:43:57.552062Z 0 [Note] InnoDB: Database was not shutdown normally!
2022-12-12T08:43:57.553062Z 0 [Note] InnoDB: Starting crash recovery.
2022-12-12T08:43:57.720493Z 0 [Note] InnoDB: Removed temporary tablespace data file: "ibtmp1"
2022-12-12T08:43:57.720493Z 0 [Note] InnoDB: Creating shared tablespace for temporary tables
2022-12-12T08:43:57.721493Z 0 [Note] InnoDB: Setting file '.\ibtmp1' size to 12 MB. Physically writing the file full; Please wait ...
2022-12-12T08:43:57.749075Z 0 [Note] InnoDB: File '.\ibtmp1' size is now 12 MB.
2022-12-12T08:43:57.754076Z 0 [Note] InnoDB: 96 redo rollback segment(s) found. 96 redo rollback segment(s) are active.
2022-12-12T08:43:57.755045Z 0 [Note] InnoDB: 32 non-redo rollback segment(s) are active.
2022-12-12T08:43:57.755045Z 0 [Note] InnoDB: Waiting for purge to start
2022-12-12T08:43:57.819091Z 0 [Note] InnoDB: 5.7.11 started; log sequence number 1437844
2022-12-12T08:43:57.820131Z 0 [Note] InnoDB: Loading buffer pool(s) from C:\Users\damloup\Desktop\Routes\00-Database\bin\database\mysql-5.7.11\data\ib_buffer_pool
2022-12-12T08:43:57.820131Z 0 [Note] Plugin 'FEDERATED' is disabled.
2022-12-12T08:43:57.827128Z 0 [Note] InnoDB: Buffer pool(s) load completed at 221212  9:43:57
2022-12-12T08:43:57.828129Z 0 [Warning] InnoDB: Cannot open table mysql/plugin from the internal data dictionary of InnoDB though the .frm file for the table exists. Please refer to http://dev.mysql.com/doc/refman/5.7/en/innodb-troubleshooting.html for how to resolve the issue.
mysqld: Table 'mysql.plugin' doesn't exist
2022-12-12T08:43:57.829123Z 0 [ERROR] Can't open the mysql.plugin table. Please run mysql_upgrade to create it.
2022-12-12T08:43:57.836123Z 0 [Warning] InnoDB: Cannot open table mysql/gtid_executed from the internal data dictionary of InnoDB though the .frm file for the table exists. Please refer to http://dev.mysql.com/doc/refman/5.7/en/innodb-troubleshooting.html for how to resolve the issue.
mysqld: Table 'mysql.gtid_executed' doesn't exist
2022-12-12T08:43:57.837123Z 0 [Warning] Gtid table is not ready to be used. Table 'mysql.gtid_executed' cannot be opened.
2022-12-12T08:43:57.837123Z 0 [Warning] Failed to set up SSL because of the following SSL library error: SSL context is not usable without certificate and private key
2022-12-12T08:43:57.839092Z 0 [Note] Server hostname (bind-address): '*'; port: 3306
2022-12-12T08:43:57.840093Z 0 [Note] IPv6 is available.
2022-12-12T08:43:57.840093Z 0 [Note]   - '::' resolves to '::';
2022-12-12T08:43:57.840093Z 0 [Note] Server socket created on IP: '::'.
2022-12-12T08:43:57.845143Z 0 [Warning] InnoDB: Cannot open table mysql/server_cost from the internal data dictionary of InnoDB though the .frm file for the table exists. Please refer to http://dev.mysql.com/doc/refman/5.7/en/innodb-troubleshooting.html for how to resolve the issue.
2022-12-12T08:43:57.846092Z 0 [Warning] Failed to open optimizer cost constant tables

2022-12-12T08:43:57.881119Z 0 [Warning] Found invalid password for user: 'recettes_user@localhost'; Ignoring user
2022-12-12T08:43:57.885120Z 0 [Warning] InnoDB: Cannot open table mysql/time_zone_leap_second from the internal data dictionary of InnoDB though the .frm file for the table exists. Please refer to http://dev.mysql.com/doc/refman/5.7/en/innodb-troubleshooting.html for how to resolve the issue.
2022-12-12T08:43:57.886125Z 0 [Warning] Can't open and lock time zone table: Table 'mysql.time_zone_leap_second' doesn't exist trying to live without them
2022-12-12T08:43:57.919092Z 0 [Warning] InnoDB: Cannot open table mysql/servers from the internal data dictionary of InnoDB though the .frm file for the table exists. Please refer to http://dev.mysql.com/doc/refman/5.7/en/innodb-troubleshooting.html for how to resolve the issue.
2022-12-12T08:43:57.920096Z 0 [ERROR] Can't open and lock privilege tables: Table 'mysql.servers' doesn't exist
2022-12-12T08:43:58.398342Z 0 [Note] Event Scheduler: Loaded 0 events
2022-12-12T08:43:58.398342Z 0 [Note] C:\Users\damloup\Desktop\Routes\00-Database\bin\database\mysql-5.7.11\bin\mysqld.exe: ready for connections.
Version: '5.7.11'  socket: ''  port: 3306  MySQL Community Server (GPL)
2022-12-12T08:45:08.344865Z 0 [Note] C:\Users\damloup\Desktop\Routes\00-Database\bin\database\mysql-5.7.11\bin\mysqld.exe: Normal shutdown

2022-12-12T08:45:08.344865Z 0 [Note] Giving 0 client threads a chance to die gracefully
2022-12-12T08:45:08.345856Z 0 [Note] Shutting down slave threads
2022-12-12T08:45:08.345856Z 0 [Note] Forcefully disconnecting 0 remaining clients
2022-12-12T08:45:08.345856Z 0 [Note] Event Scheduler: Purging the queue. 0 events
2022-12-12T08:45:08.346860Z 0 [Note] Binlog end
2022-12-12T08:45:08.346860Z 0 [Note] Shutting down plugin 'ngram'
2022-12-12T08:45:08.347859Z 0 [Note] Shutting down plugin 'partition'
2022-12-12T08:45:08.347859Z 0 [Note] Shutting down plugin 'BLACKHOLE'
2022-12-12T08:45:08.347859Z 0 [Note] Shutting down plugin 'ARCHIVE'
2022-12-12T08:45:08.347859Z 0 [Note] Shutting down plugin 'PERFORMANCE_SCHEMA'
2022-12-12T08:45:08.348868Z 0 [Note] Shutting down plugin 'MRG_MYISAM'
2022-12-12T08:45:08.348868Z 0 [Note] Shutting down plugin 'MyISAM'
2022-12-12T08:45:08.348868Z 0 [Note] Shutting down plugin 'INNODB_SYS_VIRTUAL'
2022-12-12T08:45:08.348868Z 0 [Note] Shutting down plugin 'INNODB_SYS_DATAFILES'
2022-12-12T08:45:08.348868Z 0 [Note] Shutting down plugin 'INNODB_SYS_TABLESPACES'
2022-12-12T08:45:08.349869Z 0 [Note] Shutting down plugin 'INNODB_SYS_FOREIGN_COLS'
2022-12-12T08:45:08.349869Z 0 [Note] Shutting down plugin 'INNODB_SYS_FOREIGN'
2022-12-12T08:45:08.349869Z 0 [Note] Shutting down plugin 'INNODB_SYS_FIELDS'
2022-12-12T08:45:08.349869Z 0 [Note] Shutting down plugin 'INNODB_SYS_COLUMNS'
2022-12-12T08:45:08.350857Z 0 [Note] Shutting down plugin 'INNODB_SYS_INDEXES'
2022-12-12T08:45:08.350857Z 0 [Note] Shutting down plugin 'INNODB_SYS_TABLESTATS'
2022-12-12T08:45:08.350857Z 0 [Note] Shutting down plugin 'INNODB_SYS_TABLES'
2022-12-12T08:45:08.350857Z 0 [Note] Shutting down plugin 'INNODB_FT_INDEX_TABLE'
2022-12-12T08:45:08.351863Z 0 [Note] Shutting down plugin 'INNODB_FT_INDEX_CACHE'
2022-12-12T08:45:08.351863Z 0 [Note] Shutting down plugin 'INNODB_FT_CONFIG'
2022-12-12T08:45:08.351863Z 0 [Note] Shutting down plugin 'INNODB_FT_BEING_DELETED'
2022-12-12T08:45:08.351863Z 0 [Note] Shutting down plugin 'INNODB_FT_DELETED'
2022-12-12T08:45:08.352863Z 0 [Note] Shutting down plugin 'INNODB_FT_DEFAULT_STOPWORD'
2022-12-12T08:45:08.352863Z 0 [Note] Shutting down plugin 'INNODB_METRICS'
2022-12-12T08:45:08.352863Z 0 [Note] Shutting down plugin 'INNODB_TEMP_TABLE_INFO'
2022-12-12T08:45:08.353863Z 0 [Note] Shutting down plugin 'INNODB_BUFFER_POOL_STATS'
2022-12-12T08:45:08.353863Z 0 [Note] Shutting down plugin 'INNODB_BUFFER_PAGE_LRU'
2022-12-12T08:45:08.353863Z 0 [Note] Shutting down plugin 'INNODB_BUFFER_PAGE'
2022-12-12T08:45:08.353863Z 0 [Note] Shutting down plugin 'INNODB_CMP_PER_INDEX_RESET'
2022-12-12T08:45:08.354864Z 0 [Note] Shutting down plugin 'INNODB_CMP_PER_INDEX'
2022-12-12T08:45:08.354864Z 0 [Note] Shutting down plugin 'INNODB_CMPMEM_RESET'
2022-12-12T08:45:08.354864Z 0 [Note] Shutting down plugin 'INNODB_CMPMEM'
2022-12-12T08:45:08.354864Z 0 [Note] Shutting down plugin 'INNODB_CMP_RESET'
2022-12-12T08:45:08.355859Z 0 [Note] Shutting down plugin 'INNODB_CMP'
2022-12-12T08:45:08.355859Z 0 [Note] Shutting down plugin 'INNODB_LOCK_WAITS'
2022-12-12T08:45:08.355859Z 0 [Note] Shutting down plugin 'INNODB_LOCKS'
2022-12-12T08:45:08.355859Z 0 [Note] Shutting down plugin 'INNODB_TRX'
2022-12-12T08:45:08.355859Z 0 [Note] Shutting down plugin 'InnoDB'
2022-12-12T08:45:08.356860Z 0 [Note] InnoDB: FTS optimize thread exiting.
2022-12-12T08:45:08.356860Z 0 [Note] InnoDB: Starting shutdown...
2022-12-12T08:45:08.458388Z 0 [Note] InnoDB: Dumping buffer pool(s) to C:\Users\damloup\Desktop\Routes\00-Database\bin\database\mysql-5.7.11\data\ib_buffer_pool
2022-12-12T08:45:08.463347Z 0 [Note] InnoDB: Buffer pool(s) dump completed at 221212  9:45:08
2022-12-12T08:45:09.884515Z 0 [Note] InnoDB: Shutdown completed; log sequence number 1437872
2022-12-12T08:45:09.885495Z 0 [Note] InnoDB: Removed temporary tablespace data file: "ibtmp1"
2022-12-12T08:45:09.885495Z 0 [Note] Shutting down plugin 'MEMORY'
2022-12-12T08:45:09.885495Z 0 [Note] Shutting down plugin 'CSV'
2022-12-12T08:45:09.885495Z 0 [Note] Shutting down plugin 'sha256_password'
2022-12-12T08:45:09.886491Z 0 [Note] Shutting down plugin 'mysql_native_password'
2022-12-12T08:45:09.886491Z 0 [Note] Shutting down plugin 'binlog'
2022-12-12T08:45:09.887492Z 0 [Note] C:\Users\damloup\Desktop\Routes\00-Database\bin\database\mysql-5.7.11\bin\mysqld.exe: Shutdown complete

2022-12-12T08:45:10.326701Z 0 [Warning] TIMESTAMP with implicit DEFAULT value is deprecated. Please use --explicit_defaults_for_timestamp server option (see documentation for more details).
2022-12-12T08:45:10.326701Z 0 [Warning] 'NO_ZERO_DATE', 'NO_ZERO_IN_DATE' and 'ERROR_FOR_DIVISION_BY_ZERO' sql modes should be used with strict mode. They will be merged with strict mode in a future release.
2022-12-12T08:45:10.326701Z 0 [Warning] 'NO_AUTO_CREATE_USER' sql mode was not set.
2022-12-12T08:45:10.326701Z 0 [Warning] Insecure configuration for --secure-file-priv: Current value does not restrict location of generated files. Consider setting it to a valid, non-empty path.
2022-12-12T08:45:10.327700Z 0 [ERROR] Cannot open Windows EventLog; check privileges, or start server with --log_syslog=0
2022-12-12T08:45:10.327700Z 0 [Note] C:\Users\damloup\Desktop\Routes\00-Database\bin\database\mysql-5.7.11\bin\mysqld.exe (mysqld 5.7.11) starting as process 3404 ...
2022-12-12T08:45:10.333699Z 0 [ERROR] Can't open shared library 'C:\Users\damloup\Desktop\Routes\00-Database\bin\database\mysql-5.7.11\lib\plugin\keyring_file.dll' (errno: 126 Le module spécifié est introuvable.)
2022-12-12T08:45:10.333699Z 0 [ERROR] Couldn't load plugin named 'keyring_file' with soname 'keyring_file.dll'.
2022-12-12T08:45:10.334701Z 0 [Note] InnoDB: Mutexes and rw_locks use Windows interlocked functions
2022-12-12T08:45:10.334701Z 0 [Note] InnoDB: Uses event mutexes
2022-12-12T08:45:10.335708Z 0 [Note] InnoDB: Memory barrier is not used
2022-12-12T08:45:10.335708Z 0 [Note] InnoDB: Compressed tables use zlib 1.2.3
2022-12-12T08:45:10.335708Z 0 [Note] InnoDB: Number of pools: 1
2022-12-12T08:45:10.335708Z 0 [Note] InnoDB: Not using CPU crc32 instructions
2022-12-12T08:45:10.367738Z 0 [Note] InnoDB: Initializing buffer pool, total size = 128M, instances = 1, chunk size = 128M
2022-12-12T08:45:10.370732Z 0 [Note] InnoDB: Completed initialization of buffer pool
2022-12-12T08:45:10.406159Z 0 [Note] InnoDB: Highest supported file format is Barracuda.
2022-12-12T08:45:10.442844Z 0 [Note] InnoDB: Creating shared tablespace for temporary tables
2022-12-12T08:45:10.443845Z 0 [Note] InnoDB: Setting file '.\ibtmp1' size to 12 MB. Physically writing the file full; Please wait ...
2022-12-12T08:45:10.471452Z 0 [Note] InnoDB: File '.\ibtmp1' size is now 12 MB.
2022-12-12T08:45:10.476457Z 0 [Note] InnoDB: 96 redo rollback segment(s) found. 96 redo rollback segment(s) are active.
2022-12-12T08:45:10.477786Z 0 [Note] InnoDB: 32 non-redo rollback segment(s) are active.
2022-12-12T08:45:10.477786Z 0 [Note] InnoDB: Waiting for purge to start
2022-12-12T08:45:10.542279Z 0 [Note] InnoDB: 5.7.11 started; log sequence number 1437872
2022-12-12T08:45:10.543246Z 0 [Note] Plugin 'FEDERATED' is disabled.
2022-12-12T08:45:10.543246Z 0 [Note] InnoDB: Loading buffer pool(s) from C:\Users\damloup\Desktop\Routes\00-Database\bin\database\mysql-5.7.11\data\ib_buffer_pool
2022-12-12T08:45:10.543246Z 0 [Warning] InnoDB: Cannot open table mysql/plugin from the internal data dictionary of InnoDB though the .frm file for the table exists. Please refer to http://dev.mysql.com/doc/refman/5.7/en/innodb-troubleshooting.html for how to resolve the issue.
mysqld: Table 'mysql.plugin' doesn't exist
2022-12-12T08:45:10.544257Z 0 [ERROR] Can't open the mysql.plugin table. Please run mysql_upgrade to create it.
2022-12-12T08:45:10.545262Z 0 [Warning] InnoDB: Cannot open table mysql/gtid_executed from the internal data dictionary of InnoDB though the .frm file for the table exists. Please refer to http://dev.mysql.com/doc/refman/5.7/en/innodb-troubleshooting.html for how to resolve the issue.
mysqld: Table 'mysql.gtid_executed' doesn't exist
2022-12-12T08:45:10.546257Z 0 [Warning] Gtid table is not ready to be used. Table 'mysql.gtid_executed' cannot be opened.
2022-12-12T08:45:10.547257Z 0 [Warning] Failed to set up SSL because of the following SSL library error: SSL context is not usable without certificate and private key
2022-12-12T08:45:10.547257Z 0 [Note] InnoDB: Buffer pool(s) load completed at 221212  9:45:10
2022-12-12T08:45:10.548280Z 0 [Note] Server hostname (bind-address): '*'; port: 3306
2022-12-12T08:45:10.549246Z 0 [Note] IPv6 is available.
2022-12-12T08:45:10.549246Z 0 [Note]   - '::' resolves to '::';
2022-12-12T08:45:10.549246Z 0 [Note] Server socket created on IP: '::'.
2022-12-12T08:45:10.550274Z 0 [Warning] InnoDB: Cannot open table mysql/server_cost from the internal data dictionary of InnoDB though the .frm file for the table exists. Please refer to http://dev.mysql.com/doc/refman/5.7/en/innodb-troubleshooting.html for how to resolve the issue.
2022-12-12T08:45:10.551278Z 0 [Warning] Failed to open optimizer cost constant tables

2022-12-12T08:45:10.553289Z 0 [Warning] Found invalid password for user: 'recettes_user@localhost'; Ignoring user
2022-12-12T08:45:10.553289Z 0 [Warning] InnoDB: Cannot open table mysql/time_zone_leap_second from the internal data dictionary of InnoDB though the .frm file for the table exists. Please refer to http://dev.mysql.com/doc/refman/5.7/en/innodb-troubleshooting.html for how to resolve the issue.
2022-12-12T08:45:10.554283Z 0 [Warning] Can't open and lock time zone table: Table 'mysql.time_zone_leap_second' doesn't exist trying to live without them
2022-12-12T08:45:10.555248Z 0 [Warning] InnoDB: Cannot open table mysql/servers from the internal data dictionary of InnoDB though the .frm file for the table exists. Please refer to http://dev.mysql.com/doc/refman/5.7/en/innodb-troubleshooting.html for how to resolve the issue.
2022-12-12T08:45:10.556270Z 0 [ERROR] Can't open and lock privilege tables: Table 'mysql.servers' doesn't exist
2022-12-12T08:45:10.565279Z 0 [Note] Event Scheduler: Loaded 0 events
2022-12-12T08:45:10.565279Z 0 [Note] C:\Users\damloup\Desktop\Routes\00-Database\bin\database\mysql-5.7.11\bin\mysqld.exe: ready for connections.
Version: '5.7.11'  socket: ''  port: 3306  MySQL Community Server (GPL)
2022-12-12T08:54:14.080800Z 0 [Note] C:\Users\damloup\Desktop\Routes\00-Database\bin\database\mysql-5.7.11\bin\mysqld.exe: Normal shutdown

2022-12-12T08:54:14.081791Z 0 [Note] Giving 0 client threads a chance to die gracefully
2022-12-12T08:54:14.081791Z 0 [Note] Shutting down slave threads
2022-12-12T08:54:14.081791Z 0 [Note] Forcefully disconnecting 0 remaining clients
2022-12-12T08:54:14.082789Z 0 [Note] Event Scheduler: Purging the queue. 0 events
2022-12-12T08:54:14.082789Z 0 [Note] Binlog end
2022-12-12T08:54:14.083789Z 0 [Note] Shutting down plugin 'ngram'
2022-12-12T08:54:14.083789Z 0 [Note] Shutting down plugin 'partition'
2022-12-12T08:54:14.083789Z 0 [Note] Shutting down plugin 'BLACKHOLE'
2022-12-12T08:54:14.083789Z 0 [Note] Shutting down plugin 'ARCHIVE'
2022-12-12T08:54:14.083789Z 0 [Note] Shutting down plugin 'PERFORMANCE_SCHEMA'
2022-12-12T08:54:14.084795Z 0 [Note] Shutting down plugin 'MRG_MYISAM'
2022-12-12T08:54:14.084795Z 0 [Note] Shutting down plugin 'MyISAM'
2022-12-12T08:54:14.084795Z 0 [Note] Shutting down plugin 'INNODB_SYS_VIRTUAL'
2022-12-12T08:54:14.084795Z 0 [Note] Shutting down plugin 'INNODB_SYS_DATAFILES'
2022-12-12T08:54:14.085795Z 0 [Note] Shutting down plugin 'INNODB_SYS_TABLESPACES'
2022-12-12T08:54:14.085795Z 0 [Note] Shutting down plugin 'INNODB_SYS_FOREIGN_COLS'
2022-12-12T08:54:14.085795Z 0 [Note] Shutting down plugin 'INNODB_SYS_FOREIGN'
2022-12-12T08:54:14.085795Z 0 [Note] Shutting down plugin 'INNODB_SYS_FIELDS'
2022-12-12T08:54:14.086794Z 0 [Note] Shutting down plugin 'INNODB_SYS_COLUMNS'
2022-12-12T08:54:14.086794Z 0 [Note] Shutting down plugin 'INNODB_SYS_INDEXES'
2022-12-12T08:54:14.086794Z 0 [Note] Shutting down plugin 'INNODB_SYS_TABLESTATS'
2022-12-12T08:54:14.086794Z 0 [Note] Shutting down plugin 'INNODB_SYS_TABLES'
2022-12-12T08:54:14.087796Z 0 [Note] Shutting down plugin 'INNODB_FT_INDEX_TABLE'
2022-12-12T08:54:14.087796Z 0 [Note] Shutting down plugin 'INNODB_FT_INDEX_CACHE'
2022-12-12T08:54:14.087796Z 0 [Note] Shutting down plugin 'INNODB_FT_CONFIG'
2022-12-12T08:54:14.087796Z 0 [Note] Shutting down plugin 'INNODB_FT_BEING_DELETED'
2022-12-12T08:54:14.088795Z 0 [Note] Shutting down plugin 'INNODB_FT_DELETED'
2022-12-12T08:54:14.088795Z 0 [Note] Shutting down plugin 'INNODB_FT_DEFAULT_STOPWORD'
2022-12-12T08:54:14.088795Z 0 [Note] Shutting down plugin 'INNODB_METRICS'
2022-12-12T08:54:14.088795Z 0 [Note] Shutting down plugin 'INNODB_TEMP_TABLE_INFO'
2022-12-12T08:54:14.089795Z 0 [Note] Shutting down plugin 'INNODB_BUFFER_POOL_STATS'
2022-12-12T08:54:14.089795Z 0 [Note] Shutting down plugin 'INNODB_BUFFER_PAGE_LRU'
2022-12-12T08:54:14.089795Z 0 [Note] Shutting down plugin 'INNODB_BUFFER_PAGE'
2022-12-12T08:54:14.089795Z 0 [Note] Shutting down plugin 'INNODB_CMP_PER_INDEX_RESET'
2022-12-12T08:54:14.090795Z 0 [Note] Shutting down plugin 'INNODB_CMP_PER_INDEX'
2022-12-12T08:54:14.090795Z 0 [Note] Shutting down plugin 'INNODB_CMPMEM_RESET'
2022-12-12T08:54:14.090795Z 0 [Note] Shutting down plugin 'INNODB_CMPMEM'
2022-12-12T08:54:14.090795Z 0 [Note] Shutting down plugin 'INNODB_CMP_RESET'
2022-12-12T08:54:14.091795Z 0 [Note] Shutting down plugin 'INNODB_CMP'
2022-12-12T08:54:14.091795Z 0 [Note] Shutting down plugin 'INNODB_LOCK_WAITS'
2022-12-12T08:54:14.091795Z 0 [Note] Shutting down plugin 'INNODB_LOCKS'
2022-12-12T08:54:14.091795Z 0 [Note] Shutting down plugin 'INNODB_TRX'
2022-12-12T08:54:14.091795Z 0 [Note] Shutting down plugin 'InnoDB'
2022-12-12T08:54:14.092795Z 0 [Note] InnoDB: FTS optimize thread exiting.
2022-12-12T08:54:14.092795Z 0 [Note] InnoDB: Starting shutdown...
2022-12-12T08:54:14.193834Z 0 [Note] InnoDB: Dumping buffer pool(s) to C:\Users\damloup\Desktop\Routes\00-Database\bin\database\mysql-5.7.11\data\ib_buffer_pool
2022-12-12T08:54:14.195833Z 0 [Note] InnoDB: Buffer pool(s) dump completed at 221212  9:54:14
2022-12-12T08:54:15.085576Z 0 [Note] InnoDB: Shutdown completed; log sequence number 1437900
2022-12-12T08:54:15.086573Z 0 [Note] InnoDB: Removed temporary tablespace data file: "ibtmp1"
2022-12-12T08:54:15.086573Z 0 [Note] Shutting down plugin 'MEMORY'
2022-12-12T08:54:15.086573Z 0 [Note] Shutting down plugin 'CSV'
2022-12-12T08:54:15.086573Z 0 [Note] Shutting down plugin 'sha256_password'
2022-12-12T08:54:15.087568Z 0 [Note] Shutting down plugin 'mysql_native_password'
2022-12-12T08:54:15.087568Z 0 [Note] Shutting down plugin 'binlog'
2022-12-12T08:54:15.088570Z 0 [Note] C:\Users\damloup\Desktop\Routes\00-Database\bin\database\mysql-5.7.11\bin\mysqld.exe: Shutdown complete

2022-12-12T08:54:19.958445Z 0 [Warning] TIMESTAMP with implicit DEFAULT value is deprecated. Please use --explicit_defaults_for_timestamp server option (see documentation for more details).
2022-12-12T08:54:19.958445Z 0 [Warning] 'NO_ZERO_DATE', 'NO_ZERO_IN_DATE' and 'ERROR_FOR_DIVISION_BY_ZERO' sql modes should be used with strict mode. They will be merged with strict mode in a future release.
2022-12-12T08:54:19.958445Z 0 [Warning] 'NO_AUTO_CREATE_USER' sql mode was not set.
2022-12-12T08:54:19.958445Z 0 [Warning] Insecure configuration for --secure-file-priv: Current value does not restrict location of generated files. Consider setting it to a valid, non-empty path.
2022-12-12T08:54:19.958445Z 0 [ERROR] Cannot open Windows EventLog; check privileges, or start server with --log_syslog=0
2022-12-12T08:54:19.958445Z 0 [Note] C:\Users\damloup\Desktop\Routes\00-Database\bin\database\mysql-5.7.11\bin\mysqld.exe (mysqld 5.7.11) starting as process 20660 ...
2022-12-12T08:54:19.965446Z 0 [ERROR] Can't open shared library 'C:\Users\damloup\Desktop\Routes\00-Database\bin\database\mysql-5.7.11\lib\plugin\keyring_file.dll' (errno: 126 Le module spécifié est introuvable.)
2022-12-12T08:54:19.966454Z 0 [ERROR] Couldn't load plugin named 'keyring_file' with soname 'keyring_file.dll'.
2022-12-12T08:54:19.966454Z 0 [Note] InnoDB: Mutexes and rw_locks use Windows interlocked functions
2022-12-12T08:54:19.967458Z 0 [Note] InnoDB: Uses event mutexes
2022-12-12T08:54:19.967458Z 0 [Note] InnoDB: Memory barrier is not used
2022-12-12T08:54:19.967458Z 0 [Note] InnoDB: Compressed tables use zlib 1.2.3
2022-12-12T08:54:19.967458Z 0 [Note] InnoDB: Number of pools: 1
2022-12-12T08:54:19.968452Z 0 [Note] InnoDB: Not using CPU crc32 instructions
2022-12-12T08:54:20.000834Z 0 [Note] InnoDB: Initializing buffer pool, total size = 128M, instances = 1, chunk size = 128M
2022-12-12T08:54:20.004855Z 0 [Note] InnoDB: Completed initialization of buffer pool
2022-12-12T08:54:20.036677Z 0 [Note] InnoDB: Highest supported file format is Barracuda.
2022-12-12T08:54:20.071707Z 0 [Note] InnoDB: Creating shared tablespace for temporary tables
2022-12-12T08:54:20.071707Z 0 [Note] InnoDB: Setting file '.\ibtmp1' size to 12 MB. Physically writing the file full; Please wait ...
2022-12-12T08:54:20.103020Z 0 [Note] InnoDB: File '.\ibtmp1' size is now 12 MB.
2022-12-12T08:54:20.107987Z 0 [Note] InnoDB: 96 redo rollback segment(s) found. 96 redo rollback segment(s) are active.
2022-12-12T08:54:20.107987Z 0 [Note] InnoDB: 32 non-redo rollback segment(s) are active.
2022-12-12T08:54:20.109034Z 0 [Note] InnoDB: Waiting for purge to start
2022-12-12T08:54:20.172496Z 0 [Note] InnoDB: 5.7.11 started; log sequence number 1437900
2022-12-12T08:54:20.173479Z 0 [Note] InnoDB: Loading buffer pool(s) from C:\Users\damloup\Desktop\Routes\00-Database\bin\database\mysql-5.7.11\data\ib_buffer_pool
2022-12-12T08:54:20.173479Z 0 [Note] Plugin 'FEDERATED' is disabled.
2022-12-12T08:54:20.174461Z 0 [Warning] InnoDB: Cannot open table mysql/plugin from the internal data dictionary of InnoDB though the .frm file for the table exists. Please refer to http://dev.mysql.com/doc/refman/5.7/en/innodb-troubleshooting.html for how to resolve the issue.
mysqld: Table 'mysql.plugin' doesn't exist
2022-12-12T08:54:20.175461Z 0 [ERROR] Can't open the mysql.plugin table. Please run mysql_upgrade to create it.
2022-12-12T08:54:20.176462Z 0 [Warning] InnoDB: Cannot open table mysql/gtid_executed from the internal data dictionary of InnoDB though the .frm file for the table exists. Please refer to http://dev.mysql.com/doc/refman/5.7/en/innodb-troubleshooting.html for how to resolve the issue.
mysqld: Table 'mysql.gtid_executed' doesn't exist
2022-12-12T08:54:20.176462Z 0 [Note] InnoDB: Buffer pool(s) load completed at 221212  9:54:20
2022-12-12T08:54:20.177461Z 0 [Warning] Gtid table is not ready to be used. Table 'mysql.gtid_executed' cannot be opened.
2022-12-12T08:54:20.177461Z 0 [Warning] Failed to set up SSL because of the following SSL library error: SSL context is not usable without certificate and private key
2022-12-12T08:54:20.179516Z 0 [Note] Server hostname (bind-address): '*'; port: 3306
2022-12-12T08:54:20.180461Z 0 [Note] IPv6 is available.
2022-12-12T08:54:20.180461Z 0 [Note]   - '::' resolves to '::';
2022-12-12T08:54:20.180461Z 0 [Note] Server socket created on IP: '::'.
2022-12-12T08:54:20.182471Z 0 [Warning] InnoDB: Cannot open table mysql/server_cost from the internal data dictionary of InnoDB though the .frm file for the table exists. Please refer to http://dev.mysql.com/doc/refman/5.7/en/innodb-troubleshooting.html for how to resolve the issue.
2022-12-12T08:54:20.182471Z 0 [Warning] Failed to open optimizer cost constant tables

2022-12-12T08:54:20.184518Z 0 [Warning] Found invalid password for user: 'recettes_user@localhost'; Ignoring user
2022-12-12T08:54:20.185460Z 0 [Warning] InnoDB: Cannot open table mysql/time_zone_leap_second from the internal data dictionary of InnoDB though the .frm file for the table exists. Please refer to http://dev.mysql.com/doc/refman/5.7/en/innodb-troubleshooting.html for how to resolve the issue.
2022-12-12T08:54:20.186492Z 0 [Warning] Can't open and lock time zone table: Table 'mysql.time_zone_leap_second' doesn't exist trying to live without them
2022-12-12T08:54:20.187503Z 0 [Warning] InnoDB: Cannot open table mysql/servers from the internal data dictionary of InnoDB though the .frm file for the table exists. Please refer to http://dev.mysql.com/doc/refman/5.7/en/innodb-troubleshooting.html for how to resolve the issue.
2022-12-12T08:54:20.188495Z 0 [ERROR] Can't open and lock privilege tables: Table 'mysql.servers' doesn't exist
2022-12-12T08:54:20.197500Z 0 [Note] Event Scheduler: Loaded 0 events
2022-12-12T08:54:20.197500Z 0 [Note] C:\Users\damloup\Desktop\Routes\00-Database\bin\database\mysql-5.7.11\bin\mysqld.exe: ready for connections.
Version: '5.7.11'  socket: ''  port: 3306  MySQL Community Server (GPL)
2022-12-12T10:23:42.982825Z 0 [Note] C:\Users\damloup\Desktop\Routes\00-Database\bin\database\mysql-5.7.11\bin\mysqld.exe: Normal shutdown

2022-12-12T10:23:42.983809Z 0 [Note] Giving 0 client threads a chance to die gracefully
2022-12-12T10:23:42.983809Z 0 [Note] Shutting down slave threads
2022-12-12T10:23:42.984810Z 0 [Note] Forcefully disconnecting 0 remaining clients
2022-12-12T10:23:42.984810Z 0 [Note] Event Scheduler: Purging the queue. 0 events
2022-12-12T10:23:42.984810Z 0 [Note] Binlog end
2022-12-12T10:23:42.985809Z 0 [Note] Shutting down plugin 'ngram'
2022-12-12T10:23:42.986810Z 0 [Note] Shutting down plugin 'partition'
2022-12-12T10:23:42.986810Z 0 [Note] Shutting down plugin 'BLACKHOLE'
2022-12-12T10:23:42.986810Z 0 [Note] Shutting down plugin 'ARCHIVE'
2022-12-12T10:23:42.986810Z 0 [Note] Shutting down plugin 'PERFORMANCE_SCHEMA'
2022-12-12T10:23:42.987812Z 0 [Note] Shutting down plugin 'MRG_MYISAM'
2022-12-12T10:23:42.987812Z 0 [Note] Shutting down plugin 'MyISAM'
2022-12-12T10:23:42.987812Z 0 [Note] Shutting down plugin 'INNODB_SYS_VIRTUAL'
2022-12-12T10:23:42.987812Z 0 [Note] Shutting down plugin 'INNODB_SYS_DATAFILES'
2022-12-12T10:23:42.988808Z 0 [Note] Shutting down plugin 'INNODB_SYS_TABLESPACES'
2022-12-12T10:23:42.988808Z 0 [Note] Shutting down plugin 'INNODB_SYS_FOREIGN_COLS'
2022-12-12T10:23:42.988808Z 0 [Note] Shutting down plugin 'INNODB_SYS_FOREIGN'
2022-12-12T10:23:42.989811Z 0 [Note] Shutting down plugin 'INNODB_SYS_FIELDS'
2022-12-12T10:23:42.989811Z 0 [Note] Shutting down plugin 'INNODB_SYS_COLUMNS'
2022-12-12T10:23:42.989811Z 0 [Note] Shutting down plugin 'INNODB_SYS_INDEXES'
2022-12-12T10:23:42.989811Z 0 [Note] Shutting down plugin 'INNODB_SYS_TABLESTATS'
2022-12-12T10:23:42.990811Z 0 [Note] Shutting down plugin 'INNODB_SYS_TABLES'
2022-12-12T10:23:42.990811Z 0 [Note] Shutting down plugin 'INNODB_FT_INDEX_TABLE'
2022-12-12T10:23:42.990811Z 0 [Note] Shutting down plugin 'INNODB_FT_INDEX_CACHE'
2022-12-12T10:23:42.990811Z 0 [Note] Shutting down plugin 'INNODB_FT_CONFIG'
2022-12-12T10:23:42.991808Z 0 [Note] Shutting down plugin 'INNODB_FT_BEING_DELETED'
2022-12-12T10:23:42.991808Z 0 [Note] Shutting down plugin 'INNODB_FT_DELETED'
2022-12-12T10:23:42.991808Z 0 [Note] Shutting down plugin 'INNODB_FT_DEFAULT_STOPWORD'
2022-12-12T10:23:42.991808Z 0 [Note] Shutting down plugin 'INNODB_METRICS'
2022-12-12T10:23:42.992815Z 0 [Note] Shutting down plugin 'INNODB_TEMP_TABLE_INFO'
2022-12-12T10:23:42.992815Z 0 [Note] Shutting down plugin 'INNODB_BUFFER_POOL_STATS'
2022-12-12T10:23:42.992815Z 0 [Note] Shutting down plugin 'INNODB_BUFFER_PAGE_LRU'
2022-12-12T10:23:42.992815Z 0 [Note] Shutting down plugin 'INNODB_BUFFER_PAGE'
2022-12-12T10:23:42.993815Z 0 [Note] Shutting down plugin 'INNODB_CMP_PER_INDEX_RESET'
2022-12-12T10:23:42.993815Z 0 [Note] Shutting down plugin 'INNODB_CMP_PER_INDEX'
2022-12-12T10:23:42.993815Z 0 [Note] Shutting down plugin 'INNODB_CMPMEM_RESET'
2022-12-12T10:23:42.993815Z 0 [Note] Shutting down plugin 'INNODB_CMPMEM'
2022-12-12T10:23:42.994816Z 0 [Note] Shutting down plugin 'INNODB_CMP_RESET'
2022-12-12T10:23:42.994816Z 0 [Note] Shutting down plugin 'INNODB_CMP'
2022-12-12T10:23:42.994816Z 0 [Note] Shutting down plugin 'INNODB_LOCK_WAITS'
2022-12-12T10:23:42.994816Z 0 [Note] Shutting down plugin 'INNODB_LOCKS'
2022-12-12T10:23:42.995815Z 0 [Note] Shutting down plugin 'INNODB_TRX'
2022-12-12T10:23:42.995815Z 0 [Note] Shutting down plugin 'InnoDB'
2022-12-12T10:23:42.995815Z 0 [Note] InnoDB: FTS optimize thread exiting.
2022-12-12T10:23:42.995815Z 0 [Note] InnoDB: Starting shutdown...
2022-12-12T10:23:43.109323Z 0 [Note] InnoDB: Dumping buffer pool(s) to C:\Users\damloup\Desktop\Routes\00-Database\bin\database\mysql-5.7.11\data\ib_buffer_pool
2022-12-12T10:23:43.109323Z 0 [Note] InnoDB: Buffer pool(s) dump completed at 221212 11:23:43
2022-12-12T10:23:43.691446Z 0 [Note] InnoDB: Shutdown completed; log sequence number 1437928
2022-12-12T10:23:43.692446Z 0 [Note] InnoDB: Removed temporary tablespace data file: "ibtmp1"
2022-12-12T10:23:43.692446Z 0 [Note] Shutting down plugin 'MEMORY'
2022-12-12T10:23:43.692446Z 0 [Note] Shutting down plugin 'CSV'
2022-12-12T10:23:43.692446Z 0 [Note] Shutting down plugin 'sha256_password'
2022-12-12T10:23:43.693444Z 0 [Note] Shutting down plugin 'mysql_native_password'
2022-12-12T10:23:43.693444Z 0 [Note] Shutting down plugin 'binlog'
2022-12-12T10:23:43.694803Z 0 [Note] C:\Users\damloup\Desktop\Routes\00-Database\bin\database\mysql-5.7.11\bin\mysqld.exe: Shutdown complete

