2022-12-12T12:54:58.132771Z 0 [Warning] TIMESTAMP with implicit DEFAULT value is deprecated. Please use --explicit_defaults_for_timestamp server option (see documentation for more details).
2022-12-12T12:54:58.132771Z 0 [Warning] 'NO_ZERO_DATE', 'NO_ZERO_IN_DATE' and 'ERROR_FOR_DIVISION_BY_ZERO' sql modes should be used with strict mode. They will be merged with strict mode in a future release.
2022-12-12T12:54:58.132771Z 0 [Warning] 'NO_AUTO_CREATE_USER' sql mode was not set.
2022-12-12T12:54:58.132771Z 0 [Warning] Insecure configuration for --secure-file-priv: Current value does not restrict location of generated files. Consider setting it to a valid, non-empty path.
2022-12-12T12:54:58.132771Z 0 [ERROR] Cannot open Windows EventLog; check privileges, or start server with --log_syslog=0
2022-12-12T12:54:58.132771Z 0 [Note] C:\Users\damloup\Desktop\Routes\00-Database\bin\database\mysql-5.7.11\bin\mysqld.exe (mysqld 5.7.11) starting as process 4580 ...
2022-12-12T12:54:58.152772Z 0 [ERROR] Can't open shared library 'C:\Users\damloup\Desktop\Routes\00-Database\bin\database\mysql-5.7.11\lib\plugin\keyring_file.dll' (errno: 126 Le module spécifié est introuvable.)
2022-12-12T12:54:58.152772Z 0 [ERROR] Couldn't load plugin named 'keyring_file' with soname 'keyring_file.dll'.
2022-12-12T12:54:58.153772Z 0 [Note] InnoDB: Mutexes and rw_locks use Windows interlocked functions
2022-12-12T12:54:58.153772Z 0 [Note] InnoDB: Uses event mutexes
2022-12-12T12:54:58.154772Z 0 [Note] InnoDB: Memory barrier is not used
2022-12-12T12:54:58.154772Z 0 [Note] InnoDB: Compressed tables use zlib 1.2.3
2022-12-12T12:54:58.154772Z 0 [Note] InnoDB: Number of pools: 1
2022-12-12T12:54:58.155772Z 0 [Note] InnoDB: Not using CPU crc32 instructions
2022-12-12T12:54:58.188770Z 0 [Note] InnoDB: Initializing buffer pool, total size = 128M, instances = 1, chunk size = 128M
2022-12-12T12:54:58.192770Z 0 [Note] InnoDB: Completed initialization of buffer pool
2022-12-12T12:54:58.243770Z 0 [Note] InnoDB: Highest supported file format is Barracuda.
2022-12-12T12:54:58.280555Z 0 [Note] InnoDB: Creating shared tablespace for temporary tables
2022-12-12T12:54:58.280555Z 0 [Note] InnoDB: Setting file '.\ibtmp1' size to 12 MB. Physically writing the file full; Please wait ...
2022-12-12T12:54:58.280555Z 0 [Note] InnoDB: File '.\ibtmp1' size is now 12 MB.
2022-12-12T12:54:58.280555Z 0 [Note] InnoDB: 96 redo rollback segment(s) found. 96 redo rollback segment(s) are active.
2022-12-12T12:54:58.280555Z 0 [Note] InnoDB: 32 non-redo rollback segment(s) are active.
2022-12-12T12:54:58.280555Z 0 [Note] InnoDB: Waiting for purge to start
2022-12-12T12:54:58.359149Z 0 [Note] InnoDB: 5.7.11 started; log sequence number 1437928
2022-12-12T12:54:58.359149Z 0 [Note] InnoDB: Loading buffer pool(s) from C:\Users\damloup\Desktop\Routes\00-Database\bin\database\mysql-5.7.11\data\ib_buffer_pool
2022-12-12T12:54:58.360167Z 0 [Note] Plugin 'FEDERATED' is disabled.
2022-12-12T12:54:58.364890Z 0 [Note] InnoDB: Buffer pool(s) load completed at 221212 13:54:58
2022-12-12T12:54:58.364890Z 0 [Warning] InnoDB: Cannot open table mysql/plugin from the internal data dictionary of InnoDB though the .frm file for the table exists. Please refer to http://dev.mysql.com/doc/refman/5.7/en/innodb-troubleshooting.html for how to resolve the issue.
mysqld: Table 'mysql.plugin' doesn't exist
2022-12-12T12:54:58.364890Z 0 [ERROR] Can't open the mysql.plugin table. Please run mysql_upgrade to create it.
2022-12-12T12:54:58.364890Z 0 [Warning] InnoDB: Cannot open table mysql/gtid_executed from the internal data dictionary of InnoDB though the .frm file for the table exists. Please refer to http://dev.mysql.com/doc/refman/5.7/en/innodb-troubleshooting.html for how to resolve the issue.
mysqld: Table 'mysql.gtid_executed' doesn't exist
2022-12-12T12:54:58.364890Z 0 [Warning] Gtid table is not ready to be used. Table 'mysql.gtid_executed' cannot be opened.
2022-12-12T12:54:58.364890Z 0 [Warning] Failed to set up SSL because of the following SSL library error: SSL context is not usable without certificate and private key
2022-12-12T12:54:58.364890Z 0 [Note] Server hostname (bind-address): '*'; port: 3306
2022-12-12T12:54:58.364890Z 0 [Note] IPv6 is available.
2022-12-12T12:54:58.364890Z 0 [Note]   - '::' resolves to '::';
2022-12-12T12:54:58.364890Z 0 [Note] Server socket created on IP: '::'.
2022-12-12T12:54:58.380566Z 0 [Warning] InnoDB: Cannot open table mysql/server_cost from the internal data dictionary of InnoDB though the .frm file for the table exists. Please refer to http://dev.mysql.com/doc/refman/5.7/en/innodb-troubleshooting.html for how to resolve the issue.
2022-12-12T12:54:58.380566Z 0 [Warning] Failed to open optimizer cost constant tables

2022-12-12T12:54:58.396167Z 0 [Warning] Found invalid password for user: 'recettes_user@localhost'; Ignoring user
2022-12-12T12:54:58.413822Z 0 [Warning] InnoDB: Cannot open table mysql/time_zone_leap_second from the internal data dictionary of InnoDB though the .frm file for the table exists. Please refer to http://dev.mysql.com/doc/refman/5.7/en/innodb-troubleshooting.html for how to resolve the issue.
2022-12-12T12:54:58.413822Z 0 [Warning] Can't open and lock time zone table: Table 'mysql.time_zone_leap_second' doesn't exist trying to live without them
2022-12-12T12:54:58.434102Z 0 [Warning] InnoDB: Cannot open table mysql/servers from the internal data dictionary of InnoDB though the .frm file for the table exists. Please refer to http://dev.mysql.com/doc/refman/5.7/en/innodb-troubleshooting.html for how to resolve the issue.
2022-12-12T12:54:58.434102Z 0 [ERROR] Can't open and lock privilege tables: Table 'mysql.servers' doesn't exist
2022-12-12T12:54:58.834562Z 0 [Note] Event Scheduler: Loaded 0 events
2022-12-12T12:54:58.834562Z 0 [Note] C:\Users\damloup\Desktop\Routes\00-Database\bin\database\mysql-5.7.11\bin\mysqld.exe: ready for connections.
Version: '5.7.11'  socket: ''  port: 3306  MySQL Community Server (GPL)
2022-12-12T13:27:50.630089Z 0 [Note] C:\Users\damloup\Desktop\Routes\00-Database\bin\database\mysql-5.7.11\bin\mysqld.exe: Normal shutdown

2022-12-12T13:27:50.630089Z 0 [Note] Giving 0 client threads a chance to die gracefully
2022-12-12T13:27:50.631074Z 0 [Note] Shutting down slave threads
2022-12-12T13:27:50.631074Z 0 [Note] Forcefully disconnecting 0 remaining clients
2022-12-12T13:27:50.631074Z 0 [Note] Event Scheduler: Purging the queue. 0 events
2022-12-12T13:27:50.632075Z 0 [Note] Binlog end
2022-12-12T13:27:50.633073Z 0 [Note] Shutting down plugin 'ngram'
2022-12-12T13:27:50.633073Z 0 [Note] Shutting down plugin 'partition'
2022-12-12T13:27:50.633073Z 0 [Note] Shutting down plugin 'BLACKHOLE'
2022-12-12T13:27:50.633073Z 0 [Note] Shutting down plugin 'ARCHIVE'
2022-12-12T13:27:50.634074Z 0 [Note] Shutting down plugin 'PERFORMANCE_SCHEMA'
2022-12-12T13:27:50.634074Z 0 [Note] Shutting down plugin 'MRG_MYISAM'
2022-12-12T13:27:50.634074Z 0 [Note] Shutting down plugin 'MyISAM'
2022-12-12T13:27:50.634074Z 0 [Note] Shutting down plugin 'INNODB_SYS_VIRTUAL'
2022-12-12T13:27:50.635074Z 0 [Note] Shutting down plugin 'INNODB_SYS_DATAFILES'
2022-12-12T13:27:50.635074Z 0 [Note] Shutting down plugin 'INNODB_SYS_TABLESPACES'
2022-12-12T13:27:50.635074Z 0 [Note] Shutting down plugin 'INNODB_SYS_FOREIGN_COLS'
2022-12-12T13:27:50.636074Z 0 [Note] Shutting down plugin 'INNODB_SYS_FOREIGN'
2022-12-12T13:27:50.636074Z 0 [Note] Shutting down plugin 'INNODB_SYS_FIELDS'
2022-12-12T13:27:50.636074Z 0 [Note] Shutting down plugin 'INNODB_SYS_COLUMNS'
2022-12-12T13:27:50.637073Z 0 [Note] Shutting down plugin 'INNODB_SYS_INDEXES'
2022-12-12T13:27:50.637073Z 0 [Note] Shutting down plugin 'INNODB_SYS_TABLESTATS'
2022-12-12T13:27:50.637073Z 0 [Note] Shutting down plugin 'INNODB_SYS_TABLES'
2022-12-12T13:27:50.637073Z 0 [Note] Shutting down plugin 'INNODB_FT_INDEX_TABLE'
2022-12-12T13:27:50.638073Z 0 [Note] Shutting down plugin 'INNODB_FT_INDEX_CACHE'
2022-12-12T13:27:50.638073Z 0 [Note] Shutting down plugin 'INNODB_FT_CONFIG'
2022-12-12T13:27:50.638073Z 0 [Note] Shutting down plugin 'INNODB_FT_BEING_DELETED'
2022-12-12T13:27:50.638073Z 0 [Note] Shutting down plugin 'INNODB_FT_DELETED'
2022-12-12T13:27:50.639080Z 0 [Note] Shutting down plugin 'INNODB_FT_DEFAULT_STOPWORD'
2022-12-12T13:27:50.639080Z 0 [Note] Shutting down plugin 'INNODB_METRICS'
2022-12-12T13:27:50.639080Z 0 [Note] Shutting down plugin 'INNODB_TEMP_TABLE_INFO'
2022-12-12T13:27:50.640079Z 0 [Note] Shutting down plugin 'INNODB_BUFFER_POOL_STATS'
2022-12-12T13:27:50.640079Z 0 [Note] Shutting down plugin 'INNODB_BUFFER_PAGE_LRU'
2022-12-12T13:27:50.640079Z 0 [Note] Shutting down plugin 'INNODB_BUFFER_PAGE'
2022-12-12T13:27:50.640079Z 0 [Note] Shutting down plugin 'INNODB_CMP_PER_INDEX_RESET'
2022-12-12T13:27:50.641080Z 0 [Note] Shutting down plugin 'INNODB_CMP_PER_INDEX'
2022-12-12T13:27:50.641080Z 0 [Note] Shutting down plugin 'INNODB_CMPMEM_RESET'
2022-12-12T13:27:50.641080Z 0 [Note] Shutting down plugin 'INNODB_CMPMEM'
2022-12-12T13:27:50.641080Z 0 [Note] Shutting down plugin 'INNODB_CMP_RESET'
2022-12-12T13:27:50.641080Z 0 [Note] Shutting down plugin 'INNODB_CMP'
2022-12-12T13:27:50.642080Z 0 [Note] Shutting down plugin 'INNODB_LOCK_WAITS'
2022-12-12T13:27:50.642080Z 0 [Note] Shutting down plugin 'INNODB_LOCKS'
2022-12-12T13:27:50.642080Z 0 [Note] Shutting down plugin 'INNODB_TRX'
2022-12-12T13:27:50.642080Z 0 [Note] Shutting down plugin 'InnoDB'
2022-12-12T13:27:50.643084Z 0 [Note] InnoDB: FTS optimize thread exiting.
2022-12-12T13:27:50.643084Z 0 [Note] InnoDB: Starting shutdown...
2022-12-12T13:27:50.750075Z 0 [Note] InnoDB: Dumping buffer pool(s) to C:\Users\damloup\Desktop\Routes\00-Database\bin\database\mysql-5.7.11\data\ib_buffer_pool
2022-12-12T13:27:50.752075Z 0 [Note] InnoDB: Buffer pool(s) dump completed at 221212 14:27:50
2022-12-12T13:27:51.868188Z 0 [Note] InnoDB: Shutdown completed; log sequence number 1437956
2022-12-12T13:27:51.869152Z 0 [Note] InnoDB: Removed temporary tablespace data file: "ibtmp1"
2022-12-12T13:27:51.869152Z 0 [Note] Shutting down plugin 'MEMORY'
2022-12-12T13:27:51.869152Z 0 [Note] Shutting down plugin 'CSV'
2022-12-12T13:27:51.869152Z 0 [Note] Shutting down plugin 'sha256_password'
2022-12-12T13:27:51.870187Z 0 [Note] Shutting down plugin 'mysql_native_password'
2022-12-12T13:27:51.870187Z 0 [Note] Shutting down plugin 'binlog'
2022-12-12T13:27:51.871187Z 0 [Note] C:\Users\damloup\Desktop\Routes\00-Database\bin\database\mysql-5.7.11\bin\mysqld.exe: Shutdown complete

2022-12-12T13:27:56.965709Z 0 [Warning] TIMESTAMP with implicit DEFAULT value is deprecated. Please use --explicit_defaults_for_timestamp server option (see documentation for more details).
2022-12-12T13:27:56.965709Z 0 [Warning] 'NO_ZERO_DATE', 'NO_ZERO_IN_DATE' and 'ERROR_FOR_DIVISION_BY_ZERO' sql modes should be used with strict mode. They will be merged with strict mode in a future release.
2022-12-12T13:27:56.965709Z 0 [Warning] 'NO_AUTO_CREATE_USER' sql mode was not set.
2022-12-12T13:27:56.965709Z 0 [Warning] Insecure configuration for --secure-file-priv: Current value does not restrict location of generated files. Consider setting it to a valid, non-empty path.
2022-12-12T13:27:56.965709Z 0 [ERROR] Cannot open Windows EventLog; check privileges, or start server with --log_syslog=0
2022-12-12T13:27:56.965709Z 0 [Note] C:\Users\damloup\Desktop\Routes\00-Database\bin\database\mysql-5.7.11\bin\mysqld.exe (mysqld 5.7.11) starting as process 6840 ...
2022-12-12T13:27:56.979709Z 0 [ERROR] Can't open shared library 'C:\Users\damloup\Desktop\Routes\00-Database\bin\database\mysql-5.7.11\lib\plugin\keyring_file.dll' (errno: 126 Le module spécifié est introuvable.)
2022-12-12T13:27:56.979709Z 0 [ERROR] Couldn't load plugin named 'keyring_file' with soname 'keyring_file.dll'.
2022-12-12T13:27:56.980710Z 0 [Note] InnoDB: Mutexes and rw_locks use Windows interlocked functions
2022-12-12T13:27:56.980710Z 0 [Note] InnoDB: Uses event mutexes
2022-12-12T13:27:56.981715Z 0 [Note] InnoDB: Memory barrier is not used
2022-12-12T13:27:56.981715Z 0 [Note] InnoDB: Compressed tables use zlib 1.2.3
2022-12-12T13:27:56.981715Z 0 [Note] InnoDB: Number of pools: 1
2022-12-12T13:27:56.982716Z 0 [Note] InnoDB: Not using CPU crc32 instructions
2022-12-12T13:27:57.012468Z 0 [Note] InnoDB: Initializing buffer pool, total size = 128M, instances = 1, chunk size = 128M
2022-12-12T13:27:57.017505Z 0 [Note] InnoDB: Completed initialization of buffer pool
2022-12-12T13:27:57.064044Z 0 [Note] InnoDB: Highest supported file format is Barracuda.
2022-12-12T13:27:57.098043Z 0 [Note] InnoDB: Creating shared tablespace for temporary tables
2022-12-12T13:27:57.098043Z 0 [Note] InnoDB: Setting file '.\ibtmp1' size to 12 MB. Physically writing the file full; Please wait ...
2022-12-12T13:27:57.107034Z 0 [Note] InnoDB: File '.\ibtmp1' size is now 12 MB.
2022-12-12T13:27:57.113014Z 0 [Note] InnoDB: 96 redo rollback segment(s) found. 96 redo rollback segment(s) are active.
2022-12-12T13:27:57.113014Z 0 [Note] InnoDB: 32 non-redo rollback segment(s) are active.
2022-12-12T13:27:57.114014Z 0 [Note] InnoDB: Waiting for purge to start
2022-12-12T13:27:57.165054Z 0 [Note] InnoDB: 5.7.11 started; log sequence number 1437956
2022-12-12T13:27:57.166011Z 0 [Note] InnoDB: Loading buffer pool(s) from C:\Users\damloup\Desktop\Routes\00-Database\bin\database\mysql-5.7.11\data\ib_buffer_pool
2022-12-12T13:27:57.166011Z 0 [Note] Plugin 'FEDERATED' is disabled.
2022-12-12T13:27:57.169014Z 0 [Note] InnoDB: Buffer pool(s) load completed at 221212 14:27:57
2022-12-12T13:27:57.173045Z 0 [Warning] InnoDB: Cannot open table mysql/plugin from the internal data dictionary of InnoDB though the .frm file for the table exists. Please refer to http://dev.mysql.com/doc/refman/5.7/en/innodb-troubleshooting.html for how to resolve the issue.
mysqld: Table 'mysql.plugin' doesn't exist
2022-12-12T13:27:57.174047Z 0 [ERROR] Can't open the mysql.plugin table. Please run mysql_upgrade to create it.
2022-12-12T13:27:57.181015Z 0 [Warning] InnoDB: Cannot open table mysql/gtid_executed from the internal data dictionary of InnoDB though the .frm file for the table exists. Please refer to http://dev.mysql.com/doc/refman/5.7/en/innodb-troubleshooting.html for how to resolve the issue.
mysqld: Table 'mysql.gtid_executed' doesn't exist
2022-12-12T13:27:57.182045Z 0 [Warning] Gtid table is not ready to be used. Table 'mysql.gtid_executed' cannot be opened.
2022-12-12T13:27:57.183044Z 0 [Warning] Failed to set up SSL because of the following SSL library error: SSL context is not usable without certificate and private key
2022-12-12T13:27:57.184013Z 0 [Note] Server hostname (bind-address): '*'; port: 3306
2022-12-12T13:27:57.185046Z 0 [Note] IPv6 is available.
2022-12-12T13:27:57.185046Z 0 [Note]   - '::' resolves to '::';
2022-12-12T13:27:57.185046Z 0 [Note] Server socket created on IP: '::'.
2022-12-12T13:27:57.189058Z 0 [Warning] InnoDB: Cannot open table mysql/server_cost from the internal data dictionary of InnoDB though the .frm file for the table exists. Please refer to http://dev.mysql.com/doc/refman/5.7/en/innodb-troubleshooting.html for how to resolve the issue.
2022-12-12T13:27:57.190012Z 0 [Warning] Failed to open optimizer cost constant tables

2022-12-12T13:27:57.200043Z 0 [Warning] Found invalid password for user: 'recettes_user@localhost'; Ignoring user
2022-12-12T13:27:57.204050Z 0 [Warning] InnoDB: Cannot open table mysql/time_zone_leap_second from the internal data dictionary of InnoDB though the .frm file for the table exists. Please refer to http://dev.mysql.com/doc/refman/5.7/en/innodb-troubleshooting.html for how to resolve the issue.
2022-12-12T13:27:57.205044Z 0 [Warning] Can't open and lock time zone table: Table 'mysql.time_zone_leap_second' doesn't exist trying to live without them
2022-12-12T13:27:57.217045Z 0 [Warning] InnoDB: Cannot open table mysql/servers from the internal data dictionary of InnoDB though the .frm file for the table exists. Please refer to http://dev.mysql.com/doc/refman/5.7/en/innodb-troubleshooting.html for how to resolve the issue.
2022-12-12T13:27:57.218045Z 0 [ERROR] Can't open and lock privilege tables: Table 'mysql.servers' doesn't exist
2022-12-12T13:27:57.631064Z 0 [Note] Event Scheduler: Loaded 0 events
2022-12-12T13:27:57.631064Z 0 [Note] C:\Users\damloup\Desktop\Routes\00-Database\bin\database\mysql-5.7.11\bin\mysqld.exe: ready for connections.
Version: '5.7.11'  socket: ''  port: 3306  MySQL Community Server (GPL)
2022-12-12T15:31:19.958595Z 0 [Note] C:\Users\damloup\Desktop\Routes\00-Database\bin\database\mysql-5.7.11\bin\mysqld.exe: Normal shutdown

2022-12-12T15:31:19.958595Z 0 [Note] Giving 0 client threads a chance to die gracefully
2022-12-12T15:31:19.959581Z 0 [Note] Shutting down slave threads
2022-12-12T15:31:19.959581Z 0 [Note] Forcefully disconnecting 0 remaining clients
2022-12-12T15:31:19.959581Z 0 [Note] Event Scheduler: Purging the queue. 0 events
2022-12-12T15:31:19.960578Z 0 [Note] Binlog end
2022-12-12T15:31:19.961570Z 0 [Note] Shutting down plugin 'ngram'
2022-12-12T15:31:19.961570Z 0 [Note] Shutting down plugin 'partition'
2022-12-12T15:31:19.961570Z 0 [Note] Shutting down plugin 'BLACKHOLE'
2022-12-12T15:31:19.961570Z 0 [Note] Shutting down plugin 'ARCHIVE'
2022-12-12T15:31:19.961570Z 0 [Note] Shutting down plugin 'PERFORMANCE_SCHEMA'
2022-12-12T15:31:19.962582Z 0 [Note] Shutting down plugin 'MRG_MYISAM'
2022-12-12T15:31:19.962582Z 0 [Note] Shutting down plugin 'MyISAM'
2022-12-12T15:31:19.962582Z 0 [Note] Shutting down plugin 'INNODB_SYS_VIRTUAL'
2022-12-12T15:31:19.962582Z 0 [Note] Shutting down plugin 'INNODB_SYS_DATAFILES'
2022-12-12T15:31:19.963567Z 0 [Note] Shutting down plugin 'INNODB_SYS_TABLESPACES'
2022-12-12T15:31:19.963567Z 0 [Note] Shutting down plugin 'INNODB_SYS_FOREIGN_COLS'
2022-12-12T15:31:19.963567Z 0 [Note] Shutting down plugin 'INNODB_SYS_FOREIGN'
2022-12-12T15:31:19.963567Z 0 [Note] Shutting down plugin 'INNODB_SYS_FIELDS'
2022-12-12T15:31:19.964457Z 0 [Note] Shutting down plugin 'INNODB_SYS_COLUMNS'
2022-12-12T15:31:19.964457Z 0 [Note] Shutting down plugin 'INNODB_SYS_INDEXES'
2022-12-12T15:31:19.964457Z 0 [Note] Shutting down plugin 'INNODB_SYS_TABLESTATS'
2022-12-12T15:31:19.964457Z 0 [Note] Shutting down plugin 'INNODB_SYS_TABLES'
2022-12-12T15:31:19.964457Z 0 [Note] Shutting down plugin 'INNODB_FT_INDEX_TABLE'
2022-12-12T15:31:19.964457Z 0 [Note] Shutting down plugin 'INNODB_FT_INDEX_CACHE'
2022-12-12T15:31:19.964457Z 0 [Note] Shutting down plugin 'INNODB_FT_CONFIG'
2022-12-12T15:31:19.964457Z 0 [Note] Shutting down plugin 'INNODB_FT_BEING_DELETED'
2022-12-12T15:31:19.964457Z 0 [Note] Shutting down plugin 'INNODB_FT_DELETED'
2022-12-12T15:31:19.964457Z 0 [Note] Shutting down plugin 'INNODB_FT_DEFAULT_STOPWORD'
2022-12-12T15:31:19.964457Z 0 [Note] Shutting down plugin 'INNODB_METRICS'
2022-12-12T15:31:19.964457Z 0 [Note] Shutting down plugin 'INNODB_TEMP_TABLE_INFO'
2022-12-12T15:31:19.964457Z 0 [Note] Shutting down plugin 'INNODB_BUFFER_POOL_STATS'
2022-12-12T15:31:19.964457Z 0 [Note] Shutting down plugin 'INNODB_BUFFER_PAGE_LRU'
2022-12-12T15:31:19.964457Z 0 [Note] Shutting down plugin 'INNODB_BUFFER_PAGE'
2022-12-12T15:31:19.964457Z 0 [Note] Shutting down plugin 'INNODB_CMP_PER_INDEX_RESET'
2022-12-12T15:31:19.964457Z 0 [Note] Shutting down plugin 'INNODB_CMP_PER_INDEX'
2022-12-12T15:31:19.964457Z 0 [Note] Shutting down plugin 'INNODB_CMPMEM_RESET'
2022-12-12T15:31:19.964457Z 0 [Note] Shutting down plugin 'INNODB_CMPMEM'
2022-12-12T15:31:19.964457Z 0 [Note] Shutting down plugin 'INNODB_CMP_RESET'
2022-12-12T15:31:19.964457Z 0 [Note] Shutting down plugin 'INNODB_CMP'
2022-12-12T15:31:19.964457Z 0 [Note] Shutting down plugin 'INNODB_LOCK_WAITS'
2022-12-12T15:31:19.964457Z 0 [Note] Shutting down plugin 'INNODB_LOCKS'
2022-12-12T15:31:19.964457Z 0 [Note] Shutting down plugin 'INNODB_TRX'
2022-12-12T15:31:19.964457Z 0 [Note] Shutting down plugin 'InnoDB'
2022-12-12T15:31:19.964457Z 0 [Note] InnoDB: FTS optimize thread exiting.
2022-12-12T15:31:19.964457Z 0 [Note] InnoDB: Starting shutdown...
2022-12-12T15:31:20.080768Z 0 [Note] InnoDB: Dumping buffer pool(s) to C:\Users\damloup\Desktop\Routes\00-Database\bin\database\mysql-5.7.11\data\ib_buffer_pool
2022-12-12T15:31:20.087742Z 0 [Note] InnoDB: Buffer pool(s) dump completed at 221212 16:31:20
2022-12-12T15:31:20.946873Z 0 [Note] InnoDB: Shutdown completed; log sequence number 1437984
2022-12-12T15:31:20.946873Z 0 [Note] InnoDB: Removed temporary tablespace data file: "ibtmp1"
2022-12-12T15:31:20.946873Z 0 [Note] Shutting down plugin 'MEMORY'
2022-12-12T15:31:20.946873Z 0 [Note] Shutting down plugin 'CSV'
2022-12-12T15:31:20.946873Z 0 [Note] Shutting down plugin 'sha256_password'
2022-12-12T15:31:20.946873Z 0 [Note] Shutting down plugin 'mysql_native_password'
2022-12-12T15:31:20.946873Z 0 [Note] Shutting down plugin 'binlog'
2022-12-12T15:31:20.946873Z 0 [Note] C:\Users\damloup\Desktop\Routes\00-Database\bin\database\mysql-5.7.11\bin\mysqld.exe: Shutdown complete

