2022-12-12T16:52:26.776657Z 0 [Warning] TIMESTAMP with implicit DEFAULT value is deprecated. Please use --explicit_defaults_for_timestamp server option (see documentation for more details).
2022-12-12T16:52:26.776657Z 0 [Warning] 'NO_ZERO_DATE', 'NO_ZERO_IN_DATE' and 'ERROR_FOR_DIVISION_BY_ZERO' sql modes should be used with strict mode. They will be merged with strict mode in a future release.
2022-12-12T16:52:26.776657Z 0 [Warning] 'NO_AUTO_CREATE_USER' sql mode was not set.
2022-12-12T16:52:26.776657Z 0 [Warning] Insecure configuration for --secure-file-priv: Current value does not restrict location of generated files. Consider setting it to a valid, non-empty path.
2022-12-12T16:52:26.777659Z 0 [ERROR] Cannot open Windows EventLog; check privileges, or start server with --log_syslog=0
2022-12-12T16:52:26.777659Z 0 [Note] C:\Users\damis\Desktop\developpement\01-Github\01-Projets\Routes\00-Database\bin\database\mysql-5.7.11\bin\mysqld.exe (mysqld 5.7.11) starting as process 9676 ...
2022-12-12T16:52:26.808272Z 0 [ERROR] Can't open shared library 'C:\Users\damis\Desktop\developpement\01-Github\01-Projets\Routes\00-Database\bin\database\mysql-5.7.11\lib\plugin\keyring_file.dll' (errno: 126 Le module spécifié est introuvable.)
2022-12-12T16:52:26.809273Z 0 [ERROR] Couldn't load plugin named 'keyring_file' with soname 'keyring_file.dll'.
2022-12-12T16:52:26.810678Z 0 [Note] InnoDB: Mutexes and rw_locks use Windows interlocked functions
2022-12-12T16:52:26.811676Z 0 [Note] InnoDB: Uses event mutexes
2022-12-12T16:52:26.811676Z 0 [Note] InnoDB: Memory barrier is not used
2022-12-12T16:52:26.812674Z 0 [Note] InnoDB: Compressed tables use zlib 1.2.3
2022-12-12T16:52:26.813673Z 0 [Note] InnoDB: Number of pools: 1
2022-12-12T16:52:26.813673Z 0 [Note] InnoDB: Not using CPU crc32 instructions
2022-12-12T16:52:26.875357Z 0 [Note] InnoDB: Initializing buffer pool, total size = 128M, instances = 1, chunk size = 128M
2022-12-12T16:52:26.884885Z 0 [Note] InnoDB: Completed initialization of buffer pool
2022-12-12T16:52:26.949857Z 0 [Note] InnoDB: Highest supported file format is Barracuda.
2022-12-12T16:52:27.000011Z 0 [Note] InnoDB: Creating shared tablespace for temporary tables
2022-12-12T16:52:27.001014Z 0 [Note] InnoDB: Setting file '.\ibtmp1' size to 12 MB. Physically writing the file full; Please wait ...
2022-12-12T16:52:27.009555Z 0 [Note] InnoDB: File '.\ibtmp1' size is now 12 MB.
2022-12-12T16:52:27.016569Z 0 [Note] InnoDB: 96 redo rollback segment(s) found. 96 redo rollback segment(s) are active.
2022-12-12T16:52:27.017570Z 0 [Note] InnoDB: 32 non-redo rollback segment(s) are active.
2022-12-12T16:52:27.019089Z 0 [Note] InnoDB: Waiting for purge to start
2022-12-12T16:52:27.083020Z 0 [Note] InnoDB: 5.7.11 started; log sequence number 1437984
2022-12-12T16:52:27.084023Z 0 [Note] InnoDB: Loading buffer pool(s) from C:\Users\damis\Desktop\developpement\01-Github\01-Projets\Routes\00-Database\bin\database\mysql-5.7.11\data\ib_buffer_pool
2022-12-12T16:52:27.084023Z 0 [Note] Plugin 'FEDERATED' is disabled.
2022-12-12T16:52:27.092567Z 0 [Note] InnoDB: Buffer pool(s) load completed at 221212 17:52:27
2022-12-12T16:52:27.096564Z 0 [Warning] InnoDB: Cannot open table mysql/plugin from the internal data dictionary of InnoDB though the .frm file for the table exists. Please refer to http://dev.mysql.com/doc/refman/5.7/en/innodb-troubleshooting.html for how to resolve the issue.
mysqld: Table 'mysql.plugin' doesn't exist
2022-12-12T16:52:27.097566Z 0 [ERROR] Can't open the mysql.plugin table. Please run mysql_upgrade to create it.
2022-12-12T16:52:27.111646Z 0 [Warning] InnoDB: Cannot open table mysql/gtid_executed from the internal data dictionary of InnoDB though the .frm file for the table exists. Please refer to http://dev.mysql.com/doc/refman/5.7/en/innodb-troubleshooting.html for how to resolve the issue.
mysqld: Table 'mysql.gtid_executed' doesn't exist
2022-12-12T16:52:27.113647Z 0 [Warning] Gtid table is not ready to be used. Table 'mysql.gtid_executed' cannot be opened.
2022-12-12T16:52:27.114645Z 0 [Warning] Failed to set up SSL because of the following SSL library error: SSL context is not usable without certificate and private key
2022-12-12T16:52:27.119165Z 0 [Note] Server hostname (bind-address): '*'; port: 3306
2022-12-12T16:52:27.119165Z 0 [Note] IPv6 is available.
2022-12-12T16:52:27.120186Z 0 [Note]   - '::' resolves to '::';
2022-12-12T16:52:27.120186Z 0 [Note] Server socket created on IP: '::'.
2022-12-12T16:52:27.128173Z 0 [Warning] InnoDB: Cannot open table mysql/server_cost from the internal data dictionary of InnoDB though the .frm file for the table exists. Please refer to http://dev.mysql.com/doc/refman/5.7/en/innodb-troubleshooting.html for how to resolve the issue.
2022-12-12T16:52:27.129681Z 0 [Warning] Failed to open optimizer cost constant tables

2022-12-12T16:52:27.202127Z 0 [Warning] Found invalid password for user: 'recettes_user@localhost'; Ignoring user
2022-12-12T16:52:27.210372Z 0 [Warning] InnoDB: Cannot open table mysql/time_zone_leap_second from the internal data dictionary of InnoDB though the .frm file for the table exists. Please refer to http://dev.mysql.com/doc/refman/5.7/en/innodb-troubleshooting.html for how to resolve the issue.
2022-12-12T16:52:27.212358Z 0 [Warning] Can't open and lock time zone table: Table 'mysql.time_zone_leap_second' doesn't exist trying to live without them
2022-12-12T16:52:27.262219Z 0 [Warning] InnoDB: Cannot open table mysql/servers from the internal data dictionary of InnoDB though the .frm file for the table exists. Please refer to http://dev.mysql.com/doc/refman/5.7/en/innodb-troubleshooting.html for how to resolve the issue.
2022-12-12T16:52:27.264230Z 0 [ERROR] Can't open and lock privilege tables: Table 'mysql.servers' doesn't exist
2022-12-12T16:52:28.011819Z 0 [Note] Event Scheduler: Loaded 0 events
2022-12-12T16:52:28.012800Z 0 [Note] C:\Users\damis\Desktop\developpement\01-Github\01-Projets\Routes\00-Database\bin\database\mysql-5.7.11\bin\mysqld.exe: ready for connections.
Version: '5.7.11'  socket: ''  port: 3306  MySQL Community Server (GPL)
2022-12-12T19:32:03.123099Z 5 [Warning] InnoDB: Cannot open table phpmyadmin/pma__relation from the internal data dictionary of InnoDB though the .frm file for the table exists. Please refer to http://dev.mysql.com/doc/refman/5.7/en/innodb-troubleshooting.html for how to resolve the issue.
2022-12-12T19:32:03.130615Z 5 [Warning] InnoDB: Cannot open table phpmyadmin/pma__table_info from the internal data dictionary of InnoDB though the .frm file for the table exists. Please refer to http://dev.mysql.com/doc/refman/5.7/en/innodb-troubleshooting.html for how to resolve the issue.
2022-12-12T19:32:03.139102Z 5 [Warning] InnoDB: Cannot open table phpmyadmin/pma__table_coords from the internal data dictionary of InnoDB though the .frm file for the table exists. Please refer to http://dev.mysql.com/doc/refman/5.7/en/innodb-troubleshooting.html for how to resolve the issue.
2022-12-12T19:32:03.147626Z 5 [Warning] InnoDB: Cannot open table phpmyadmin/pma__column_info from the internal data dictionary of InnoDB though the .frm file for the table exists. Please refer to http://dev.mysql.com/doc/refman/5.7/en/innodb-troubleshooting.html for how to resolve the issue.
2022-12-12T19:32:03.155182Z 5 [Warning] InnoDB: Cannot open table phpmyadmin/pma__history from the internal data dictionary of InnoDB though the .frm file for the table exists. Please refer to http://dev.mysql.com/doc/refman/5.7/en/innodb-troubleshooting.html for how to resolve the issue.
2022-12-12T19:32:03.162189Z 5 [Warning] InnoDB: Cannot open table phpmyadmin/pma__recent from the internal data dictionary of InnoDB though the .frm file for the table exists. Please refer to http://dev.mysql.com/doc/refman/5.7/en/innodb-troubleshooting.html for how to resolve the issue.
2022-12-12T19:32:03.169718Z 5 [Warning] InnoDB: Cannot open table phpmyadmin/pma__favorite from the internal data dictionary of InnoDB though the .frm file for the table exists. Please refer to http://dev.mysql.com/doc/refman/5.7/en/innodb-troubleshooting.html for how to resolve the issue.
2022-12-12T19:32:03.177230Z 5 [Warning] InnoDB: Cannot open table phpmyadmin/pma__table_uiprefs from the internal data dictionary of InnoDB though the .frm file for the table exists. Please refer to http://dev.mysql.com/doc/refman/5.7/en/innodb-troubleshooting.html for how to resolve the issue.
2022-12-12T19:32:03.185745Z 5 [Warning] InnoDB: Cannot open table phpmyadmin/pma__tracking from the internal data dictionary of InnoDB though the .frm file for the table exists. Please refer to http://dev.mysql.com/doc/refman/5.7/en/innodb-troubleshooting.html for how to resolve the issue.
2022-12-12T19:32:03.193273Z 5 [Warning] InnoDB: Cannot open table phpmyadmin/pma__userconfig from the internal data dictionary of InnoDB though the .frm file for the table exists. Please refer to http://dev.mysql.com/doc/refman/5.7/en/innodb-troubleshooting.html for how to resolve the issue.
2022-12-12T19:32:03.201802Z 5 [Warning] InnoDB: Cannot open table phpmyadmin/pma__bookmark from the internal data dictionary of InnoDB though the .frm file for the table exists. Please refer to http://dev.mysql.com/doc/refman/5.7/en/innodb-troubleshooting.html for how to resolve the issue.
2022-12-12T19:32:03.209847Z 5 [Warning] InnoDB: Cannot open table phpmyadmin/pma__users from the internal data dictionary of InnoDB though the .frm file for the table exists. Please refer to http://dev.mysql.com/doc/refman/5.7/en/innodb-troubleshooting.html for how to resolve the issue.
2022-12-12T19:32:03.219377Z 5 [Warning] InnoDB: Cannot open table phpmyadmin/pma__navigationhiding from the internal data dictionary of InnoDB though the .frm file for the table exists. Please refer to http://dev.mysql.com/doc/refman/5.7/en/innodb-troubleshooting.html for how to resolve the issue.
2022-12-12T19:32:03.225885Z 5 [Warning] InnoDB: Cannot open table phpmyadmin/pma__savedsearches from the internal data dictionary of InnoDB though the .frm file for the table exists. Please refer to http://dev.mysql.com/doc/refman/5.7/en/innodb-troubleshooting.html for how to resolve the issue.
2022-12-12T19:32:03.234501Z 5 [Warning] InnoDB: Cannot open table phpmyadmin/pma__central_columns from the internal data dictionary of InnoDB though the .frm file for the table exists. Please refer to http://dev.mysql.com/doc/refman/5.7/en/innodb-troubleshooting.html for how to resolve the issue.
2022-12-12T19:32:03.243405Z 5 [Warning] InnoDB: Cannot open table phpmyadmin/pma__designer_settings from the internal data dictionary of InnoDB though the .frm file for the table exists. Please refer to http://dev.mysql.com/doc/refman/5.7/en/innodb-troubleshooting.html for how to resolve the issue.
2022-12-12T19:32:03.250916Z 5 [Warning] InnoDB: Cannot open table phpmyadmin/pma__export_templates from the internal data dictionary of InnoDB though the .frm file for the table exists. Please refer to http://dev.mysql.com/doc/refman/5.7/en/innodb-troubleshooting.html for how to resolve the issue.
2022-12-12T19:32:31.357715Z 22 [ERROR] InnoDB: Table `mysql`.`innodb_table_stats` not found.
2022-12-12T19:32:31.364301Z 22 [ERROR] InnoDB: Table `mysql`.`innodb_table_stats` not found.
2022-12-12T19:32:31.365211Z 22 [ERROR] InnoDB: Fetch of persistent statistics requested for table `db_framework`.`t_user` but the required system tables mysql.innodb_table_stats and mysql.innodb_index_stats are not present or have unexpected structure. Using transient stats instead.
2022-12-12T19:32:31.387273Z 22 [ERROR] InnoDB: Table `mysql`.`innodb_table_stats` not found.
2022-12-12T19:32:31.388274Z 22 [Note] InnoDB: Recalculation of persistent statistics requested for table `db_framework`.`t_user` index `ID_t_user_IND` but the required persistent statistics storage is not present or is corrupted. Using transient stats instead.
2022-12-12T19:32:31.392272Z 22 [ERROR] InnoDB: Table `mysql`.`innodb_table_stats` not found.
2022-12-12T19:32:31.393273Z 22 [ERROR] InnoDB: Fetch of persistent statistics requested for table `db_framework`.`t_user` but the required system tables mysql.innodb_table_stats and mysql.innodb_index_stats are not present or have unexpected structure. Using transient stats instead.
2022-12-12T19:35:34.979204Z 0 [Note] C:\Users\damis\Desktop\developpement\01-Github\01-Projets\Routes\00-Database\bin\database\mysql-5.7.11\bin\mysqld.exe: Normal shutdown

2022-12-12T19:35:34.981213Z 0 [Note] Giving 0 client threads a chance to die gracefully
2022-12-12T19:35:34.982205Z 0 [Note] Shutting down slave threads
2022-12-12T19:35:34.983217Z 0 [Note] Forcefully disconnecting 0 remaining clients
2022-12-12T19:35:34.983217Z 0 [Note] Event Scheduler: Purging the queue. 0 events
2022-12-12T19:35:34.985202Z 0 [Note] Binlog end
2022-12-12T19:35:34.987213Z 0 [Note] Shutting down plugin 'ngram'
2022-12-12T19:35:34.988218Z 0 [Note] Shutting down plugin 'partition'
2022-12-12T19:35:34.989204Z 0 [Note] Shutting down plugin 'BLACKHOLE'
2022-12-12T19:35:34.989204Z 0 [Note] Shutting down plugin 'ARCHIVE'
2022-12-12T19:35:34.990228Z 0 [Note] Shutting down plugin 'PERFORMANCE_SCHEMA'
2022-12-12T19:35:34.990228Z 0 [Note] Shutting down plugin 'MRG_MYISAM'
2022-12-12T19:35:34.991225Z 0 [Note] Shutting down plugin 'MyISAM'
2022-12-12T19:35:34.992231Z 0 [Note] Shutting down plugin 'INNODB_SYS_VIRTUAL'
2022-12-12T19:35:34.992231Z 0 [Note] Shutting down plugin 'INNODB_SYS_DATAFILES'
2022-12-12T19:35:34.993223Z 0 [Note] Shutting down plugin 'INNODB_SYS_TABLESPACES'
2022-12-12T19:35:34.994224Z 0 [Note] Shutting down plugin 'INNODB_SYS_FOREIGN_COLS'
2022-12-12T19:35:34.994224Z 0 [Note] Shutting down plugin 'INNODB_SYS_FOREIGN'
2022-12-12T19:35:34.995226Z 0 [Note] Shutting down plugin 'INNODB_SYS_FIELDS'
2022-12-12T19:35:34.995226Z 0 [Note] Shutting down plugin 'INNODB_SYS_COLUMNS'
2022-12-12T19:35:34.996223Z 0 [Note] Shutting down plugin 'INNODB_SYS_INDEXES'
2022-12-12T19:35:34.997227Z 0 [Note] Shutting down plugin 'INNODB_SYS_TABLESTATS'
2022-12-12T19:35:34.997227Z 0 [Note] Shutting down plugin 'INNODB_SYS_TABLES'
2022-12-12T19:35:34.998225Z 0 [Note] Shutting down plugin 'INNODB_FT_INDEX_TABLE'
2022-12-12T19:35:34.999225Z 0 [Note] Shutting down plugin 'INNODB_FT_INDEX_CACHE'
2022-12-12T19:35:34.999225Z 0 [Note] Shutting down plugin 'INNODB_FT_CONFIG'
2022-12-12T19:35:35.000213Z 0 [Note] Shutting down plugin 'INNODB_FT_BEING_DELETED'
2022-12-12T19:35:35.001225Z 0 [Note] Shutting down plugin 'INNODB_FT_DELETED'
2022-12-12T19:35:35.001225Z 0 [Note] Shutting down plugin 'INNODB_FT_DEFAULT_STOPWORD'
2022-12-12T19:35:35.002229Z 0 [Note] Shutting down plugin 'INNODB_METRICS'
2022-12-12T19:35:35.003227Z 0 [Note] Shutting down plugin 'INNODB_TEMP_TABLE_INFO'
2022-12-12T19:35:35.003227Z 0 [Note] Shutting down plugin 'INNODB_BUFFER_POOL_STATS'
2022-12-12T19:35:35.003227Z 0 [Note] Shutting down plugin 'INNODB_BUFFER_PAGE_LRU'
2022-12-12T19:35:35.004748Z 0 [Note] Shutting down plugin 'INNODB_BUFFER_PAGE'
2022-12-12T19:35:35.005770Z 0 [Note] Shutting down plugin 'INNODB_CMP_PER_INDEX_RESET'
2022-12-12T19:35:35.005770Z 0 [Note] Shutting down plugin 'INNODB_CMP_PER_INDEX'
2022-12-12T19:35:35.006768Z 0 [Note] Shutting down plugin 'INNODB_CMPMEM_RESET'
2022-12-12T19:35:35.006768Z 0 [Note] Shutting down plugin 'INNODB_CMPMEM'
2022-12-12T19:35:35.007771Z 0 [Note] Shutting down plugin 'INNODB_CMP_RESET'
2022-12-12T19:35:35.008772Z 0 [Note] Shutting down plugin 'INNODB_CMP'
2022-12-12T19:35:35.008772Z 0 [Note] Shutting down plugin 'INNODB_LOCK_WAITS'
2022-12-12T19:35:35.009772Z 0 [Note] Shutting down plugin 'INNODB_LOCKS'
2022-12-12T19:35:35.009772Z 0 [Note] Shutting down plugin 'INNODB_TRX'
2022-12-12T19:35:35.010769Z 0 [Note] Shutting down plugin 'InnoDB'
2022-12-12T19:35:35.010769Z 0 [Note] InnoDB: FTS optimize thread exiting.
2022-12-12T19:35:35.011756Z 0 [Note] InnoDB: Starting shutdown...
2022-12-12T19:35:35.125935Z 0 [Note] InnoDB: Dumping buffer pool(s) to C:\Users\damis\Desktop\developpement\01-Github\01-Projets\Routes\00-Database\bin\database\mysql-5.7.11\data\ib_buffer_pool
2022-12-12T19:35:35.128913Z 0 [Note] InnoDB: Buffer pool(s) dump completed at 221212 20:35:35
2022-12-12T19:35:36.020780Z 0 [Note] InnoDB: Shutdown completed; log sequence number 1443929
2022-12-12T19:35:36.021779Z 0 [Note] InnoDB: Removed temporary tablespace data file: "ibtmp1"
2022-12-12T19:35:36.022782Z 0 [Note] Shutting down plugin 'MEMORY'
2022-12-12T19:35:36.023779Z 0 [Note] Shutting down plugin 'CSV'
2022-12-12T19:35:36.023779Z 0 [Note] Shutting down plugin 'sha256_password'
2022-12-12T19:35:36.024815Z 0 [Note] Shutting down plugin 'mysql_native_password'
2022-12-12T19:35:36.024815Z 0 [Note] Shutting down plugin 'binlog'
2022-12-12T19:35:36.027464Z 0 [Note] C:\Users\damis\Desktop\developpement\01-Github\01-Projets\Routes\00-Database\bin\database\mysql-5.7.11\bin\mysqld.exe: Shutdown complete

2022-12-12T19:42:01.295131Z 0 [Warning] TIMESTAMP with implicit DEFAULT value is deprecated. Please use --explicit_defaults_for_timestamp server option (see documentation for more details).
2022-12-12T19:42:01.295131Z 0 [Warning] 'NO_ZERO_DATE', 'NO_ZERO_IN_DATE' and 'ERROR_FOR_DIVISION_BY_ZERO' sql modes should be used with strict mode. They will be merged with strict mode in a future release.
2022-12-12T19:42:01.295131Z 0 [Warning] 'NO_AUTO_CREATE_USER' sql mode was not set.
2022-12-12T19:42:01.295131Z 0 [Warning] Insecure configuration for --secure-file-priv: Current value does not restrict location of generated files. Consider setting it to a valid, non-empty path.
2022-12-12T19:42:01.296127Z 0 [ERROR] Cannot open Windows EventLog; check privileges, or start server with --log_syslog=0
2022-12-12T19:42:01.296127Z 0 [Note] C:\Users\damis\Desktop\developpement\01-Github\01-Projets\Routes\00-Database\bin\database\mysql-5.7.11\bin\mysqld.exe (mysqld 5.7.11) starting as process 26320 ...
2022-12-12T19:42:01.310645Z 0 [ERROR] Can't open shared library 'C:\Users\damis\Desktop\developpement\01-Github\01-Projets\Routes\00-Database\bin\database\mysql-5.7.11\lib\plugin\keyring_file.dll' (errno: 126 Le module spécifié est introuvable.)
2022-12-12T19:42:01.312644Z 0 [ERROR] Couldn't load plugin named 'keyring_file' with soname 'keyring_file.dll'.
2022-12-12T19:42:01.314802Z 0 [Note] InnoDB: Mutexes and rw_locks use Windows interlocked functions
2022-12-12T19:42:01.315805Z 0 [Note] InnoDB: Uses event mutexes
2022-12-12T19:42:01.316805Z 0 [Note] InnoDB: Memory barrier is not used
2022-12-12T19:42:01.317804Z 0 [Note] InnoDB: Compressed tables use zlib 1.2.3
2022-12-12T19:42:01.318806Z 0 [Note] InnoDB: Number of pools: 1
2022-12-12T19:42:01.319807Z 0 [Note] InnoDB: Not using CPU crc32 instructions
2022-12-12T19:42:01.394517Z 0 [Note] InnoDB: Initializing buffer pool, total size = 128M, instances = 1, chunk size = 128M
2022-12-12T19:42:01.403548Z 0 [Note] InnoDB: Completed initialization of buffer pool
2022-12-12T19:42:01.447586Z 0 [Note] InnoDB: Highest supported file format is Barracuda.
2022-12-12T19:42:01.498845Z 0 [Note] InnoDB: Creating shared tablespace for temporary tables
2022-12-12T19:42:01.500798Z 0 [Note] InnoDB: Setting file '.\ibtmp1' size to 12 MB. Physically writing the file full; Please wait ...
2022-12-12T19:42:01.514914Z 0 [Note] InnoDB: File '.\ibtmp1' size is now 12 MB.
2022-12-12T19:42:01.525423Z 0 [Note] InnoDB: 96 redo rollback segment(s) found. 96 redo rollback segment(s) are active.
2022-12-12T19:42:01.526996Z 0 [Note] InnoDB: 32 non-redo rollback segment(s) are active.
2022-12-12T19:42:01.527999Z 0 [Note] InnoDB: Waiting for purge to start
2022-12-12T19:42:01.580418Z 0 [Note] InnoDB: 5.7.11 started; log sequence number 1443929
2022-12-12T19:42:01.581419Z 0 [Note] InnoDB: Loading buffer pool(s) from C:\Users\damis\Desktop\developpement\01-Github\01-Projets\Routes\00-Database\bin\database\mysql-5.7.11\data\ib_buffer_pool
2022-12-12T19:42:01.581419Z 0 [Note] Plugin 'FEDERATED' is disabled.
2022-12-12T19:42:01.584967Z 0 [Warning] InnoDB: Cannot open table mysql/plugin from the internal data dictionary of InnoDB though the .frm file for the table exists. Please refer to http://dev.mysql.com/doc/refman/5.7/en/innodb-troubleshooting.html for how to resolve the issue.
mysqld: Table 'mysql.plugin' doesn't exist
2022-12-12T19:42:01.586971Z 0 [ERROR] Can't open the mysql.plugin table. Please run mysql_upgrade to create it.
2022-12-12T19:42:01.588965Z 0 [Warning] InnoDB: Cannot open table mysql/gtid_executed from the internal data dictionary of InnoDB though the .frm file for the table exists. Please refer to http://dev.mysql.com/doc/refman/5.7/en/innodb-troubleshooting.html for how to resolve the issue.
mysqld: 2022-12-12T19:42:01.588965Z 0 [Note] InnoDB: Buffer pool(s) load completed at 221212 20:42:01
Table 'mysql.gtid_executed' doesn't exist
2022-12-12T19:42:01.591972Z 0 [Warning] Gtid table is not ready to be used. Table 'mysql.gtid_executed' cannot be opened.
2022-12-12T19:42:01.593578Z 0 [Warning] Failed to set up SSL because of the following SSL library error: SSL context is not usable without certificate and private key
2022-12-12T19:42:01.599551Z 0 [Note] Server hostname (bind-address): '*'; port: 3306
2022-12-12T19:42:01.600552Z 0 [Note] IPv6 is available.
2022-12-12T19:42:01.601536Z 0 [Note]   - '::' resolves to '::';
2022-12-12T19:42:01.602553Z 0 [Note] Server socket created on IP: '::'.
2022-12-12T19:42:01.604600Z 0 [Warning] InnoDB: Cannot open table mysql/server_cost from the internal data dictionary of InnoDB though the .frm file for the table exists. Please refer to http://dev.mysql.com/doc/refman/5.7/en/innodb-troubleshooting.html for how to resolve the issue.
2022-12-12T19:42:01.608612Z 0 [Warning] Failed to open optimizer cost constant tables

2022-12-12T19:42:01.621726Z 0 [Warning] Found invalid password for user: 'recettes_user@localhost'; Ignoring user
2022-12-12T19:42:01.625270Z 0 [Warning] InnoDB: Cannot open table mysql/time_zone_leap_second from the internal data dictionary of InnoDB though the .frm file for the table exists. Please refer to http://dev.mysql.com/doc/refman/5.7/en/innodb-troubleshooting.html for how to resolve the issue.
2022-12-12T19:42:01.629748Z 0 [Warning] Can't open and lock time zone table: Table 'mysql.time_zone_leap_second' doesn't exist trying to live without them
2022-12-12T19:42:01.634998Z 0 [Warning] InnoDB: Cannot open table mysql/servers from the internal data dictionary of InnoDB though the .frm file for the table exists. Please refer to http://dev.mysql.com/doc/refman/5.7/en/innodb-troubleshooting.html for how to resolve the issue.
2022-12-12T19:42:01.637989Z 0 [ERROR] Can't open and lock privilege tables: Table 'mysql.servers' doesn't exist
2022-12-12T19:42:01.673562Z 0 [Note] Event Scheduler: Loaded 0 events
2022-12-12T19:42:01.673562Z 0 [Note] C:\Users\damis\Desktop\developpement\01-Github\01-Projets\Routes\00-Database\bin\database\mysql-5.7.11\bin\mysqld.exe: ready for connections.
Version: '5.7.11'  socket: ''  port: 3306  MySQL Community Server (GPL)
2022-12-12T19:42:10.364581Z 14 [ERROR] InnoDB: Table `mysql`.`innodb_table_stats` not found.
2022-12-12T19:42:10.365578Z 14 [ERROR] InnoDB: Fetch of persistent statistics requested for table `db_framework`.`t_user` but the required system tables mysql.innodb_table_stats and mysql.innodb_index_stats are not present or have unexpected structure. Using transient stats instead.
2022-12-12T19:45:15.368963Z 0 [ERROR] InnoDB: Table `mysql`.`innodb_table_stats` not found.
2022-12-12T19:45:15.369942Z 0 [Warning] InnoDB: Recalculation of persistent statistics requested for table `db_framework`.`t_user` but the required persistent statistics storage is not present or is corrupted. Using transient stats instead.
2022-12-12T20:41:04.286386Z 73 [Warning] InnoDB: Cannot open table phpmyadmin/pma__relation from the internal data dictionary of InnoDB though the .frm file for the table exists. Please refer to http://dev.mysql.com/doc/refman/5.7/en/innodb-troubleshooting.html for how to resolve the issue.
2022-12-12T20:41:04.293396Z 73 [Warning] InnoDB: Cannot open table phpmyadmin/pma__table_info from the internal data dictionary of InnoDB though the .frm file for the table exists. Please refer to http://dev.mysql.com/doc/refman/5.7/en/innodb-troubleshooting.html for how to resolve the issue.
2022-12-12T20:41:04.300945Z 73 [Warning] InnoDB: Cannot open table phpmyadmin/pma__table_coords from the internal data dictionary of InnoDB though the .frm file for the table exists. Please refer to http://dev.mysql.com/doc/refman/5.7/en/innodb-troubleshooting.html for how to resolve the issue.
2022-12-12T20:41:04.307935Z 73 [Warning] InnoDB: Cannot open table phpmyadmin/pma__column_info from the internal data dictionary of InnoDB though the .frm file for the table exists. Please refer to http://dev.mysql.com/doc/refman/5.7/en/innodb-troubleshooting.html for how to resolve the issue.
2022-12-12T20:41:04.313967Z 73 [Warning] InnoDB: Cannot open table phpmyadmin/pma__history from the internal data dictionary of InnoDB though the .frm file for the table exists. Please refer to http://dev.mysql.com/doc/refman/5.7/en/innodb-troubleshooting.html for how to resolve the issue.
2022-12-12T20:41:04.319527Z 73 [Warning] InnoDB: Cannot open table phpmyadmin/pma__recent from the internal data dictionary of InnoDB though the .frm file for the table exists. Please refer to http://dev.mysql.com/doc/refman/5.7/en/innodb-troubleshooting.html for how to resolve the issue.
2022-12-12T20:41:04.325158Z 73 [Warning] InnoDB: Cannot open table phpmyadmin/pma__favorite from the internal data dictionary of InnoDB though the .frm file for the table exists. Please refer to http://dev.mysql.com/doc/refman/5.7/en/innodb-troubleshooting.html for how to resolve the issue.
2022-12-12T20:41:04.331151Z 73 [Warning] InnoDB: Cannot open table phpmyadmin/pma__table_uiprefs from the internal data dictionary of InnoDB though the .frm file for the table exists. Please refer to http://dev.mysql.com/doc/refman/5.7/en/innodb-troubleshooting.html for how to resolve the issue.
2022-12-12T20:41:04.339137Z 73 [Warning] InnoDB: Cannot open table phpmyadmin/pma__tracking from the internal data dictionary of InnoDB though the .frm file for the table exists. Please refer to http://dev.mysql.com/doc/refman/5.7/en/innodb-troubleshooting.html for how to resolve the issue.
2022-12-12T20:41:04.345720Z 73 [Warning] InnoDB: Cannot open table phpmyadmin/pma__userconfig from the internal data dictionary of InnoDB though the .frm file for the table exists. Please refer to http://dev.mysql.com/doc/refman/5.7/en/innodb-troubleshooting.html for how to resolve the issue.
2022-12-12T20:41:04.352295Z 73 [Warning] InnoDB: Cannot open table phpmyadmin/pma__bookmark from the internal data dictionary of InnoDB though the .frm file for the table exists. Please refer to http://dev.mysql.com/doc/refman/5.7/en/innodb-troubleshooting.html for how to resolve the issue.
2022-12-12T20:41:04.357861Z 73 [Warning] InnoDB: Cannot open table phpmyadmin/pma__users from the internal data dictionary of InnoDB though the .frm file for the table exists. Please refer to http://dev.mysql.com/doc/refman/5.7/en/innodb-troubleshooting.html for how to resolve the issue.
2022-12-12T20:41:04.366060Z 73 [Warning] InnoDB: Cannot open table phpmyadmin/pma__navigationhiding from the internal data dictionary of InnoDB though the .frm file for the table exists. Please refer to http://dev.mysql.com/doc/refman/5.7/en/innodb-troubleshooting.html for how to resolve the issue.
2022-12-12T20:41:04.374070Z 73 [Warning] InnoDB: Cannot open table phpmyadmin/pma__savedsearches from the internal data dictionary of InnoDB though the .frm file for the table exists. Please refer to http://dev.mysql.com/doc/refman/5.7/en/innodb-troubleshooting.html for how to resolve the issue.
2022-12-12T20:41:04.382119Z 73 [Warning] InnoDB: Cannot open table phpmyadmin/pma__central_columns from the internal data dictionary of InnoDB though the .frm file for the table exists. Please refer to http://dev.mysql.com/doc/refman/5.7/en/innodb-troubleshooting.html for how to resolve the issue.
2022-12-12T20:41:04.390647Z 73 [Warning] InnoDB: Cannot open table phpmyadmin/pma__designer_settings from the internal data dictionary of InnoDB though the .frm file for the table exists. Please refer to http://dev.mysql.com/doc/refman/5.7/en/innodb-troubleshooting.html for how to resolve the issue.
2022-12-12T20:41:04.401181Z 73 [Warning] InnoDB: Cannot open table phpmyadmin/pma__export_templates from the internal data dictionary of InnoDB though the .frm file for the table exists. Please refer to http://dev.mysql.com/doc/refman/5.7/en/innodb-troubleshooting.html for how to resolve the issue.
2022-12-13T00:00:51.129011Z 0 [Note] C:\Users\damis\Desktop\developpement\01-Github\01-Projets\Routes\00-Database\bin\database\mysql-5.7.11\bin\mysqld.exe: Normal shutdown

2022-12-13T00:00:51.130012Z 0 [Note] Giving 0 client threads a chance to die gracefully
2022-12-13T00:00:51.131013Z 0 [Note] Shutting down slave threads
2022-12-13T00:00:51.132002Z 0 [Note] Forcefully disconnecting 0 remaining clients
2022-12-13T00:00:51.133001Z 0 [Note] Event Scheduler: Purging the queue. 0 events
2022-12-13T00:00:51.134999Z 0 [Note] Binlog end
2022-12-13T00:00:51.145031Z 0 [Note] Shutting down plugin 'ngram'
2022-12-13T00:00:51.147044Z 0 [Note] Shutting down plugin 'partition'
2022-12-13T00:00:51.147044Z 0 [Note] Shutting down plugin 'BLACKHOLE'
2022-12-13T00:00:51.148053Z 0 [Note] Shutting down plugin 'ARCHIVE'
2022-12-13T00:00:51.149054Z 0 [Note] Shutting down plugin 'PERFORMANCE_SCHEMA'
2022-12-13T00:00:51.150052Z 0 [Note] Shutting down plugin 'MRG_MYISAM'
2022-12-13T00:00:51.151064Z 0 [Note] Shutting down plugin 'MyISAM'
2022-12-13T00:00:51.152053Z 0 [Note] Shutting down plugin 'INNODB_SYS_VIRTUAL'
2022-12-13T00:00:51.153052Z 0 [Note] Shutting down plugin 'INNODB_SYS_DATAFILES'
2022-12-13T00:00:51.153052Z 0 [Note] Shutting down plugin 'INNODB_SYS_TABLESPACES'
2022-12-13T00:00:51.154573Z 0 [Note] Shutting down plugin 'INNODB_SYS_FOREIGN_COLS'
2022-12-13T00:00:51.155584Z 0 [Note] Shutting down plugin 'INNODB_SYS_FOREIGN'
2022-12-13T00:00:51.156582Z 0 [Note] Shutting down plugin 'INNODB_SYS_FIELDS'
2022-12-13T00:00:51.157597Z 0 [Note] Shutting down plugin 'INNODB_SYS_COLUMNS'
2022-12-13T00:00:51.158598Z 0 [Note] Shutting down plugin 'INNODB_SYS_INDEXES'
2022-12-13T00:00:51.158598Z 0 [Note] Shutting down plugin 'INNODB_SYS_TABLESTATS'
2022-12-13T00:00:51.159584Z 0 [Note] Shutting down plugin 'INNODB_SYS_TABLES'
2022-12-13T00:00:51.160596Z 0 [Note] Shutting down plugin 'INNODB_FT_INDEX_TABLE'
2022-12-13T00:00:51.161582Z 0 [Note] Shutting down plugin 'INNODB_FT_INDEX_CACHE'
2022-12-13T00:00:51.162596Z 0 [Note] Shutting down plugin 'INNODB_FT_CONFIG'
2022-12-13T00:00:51.163593Z 0 [Note] Shutting down plugin 'INNODB_FT_BEING_DELETED'
2022-12-13T00:00:51.164584Z 0 [Note] Shutting down plugin 'INNODB_FT_DELETED'
2022-12-13T00:00:51.165094Z 0 [Note] Shutting down plugin 'INNODB_FT_DEFAULT_STOPWORD'
2022-12-13T00:00:51.166102Z 0 [Note] Shutting down plugin 'INNODB_METRICS'
2022-12-13T00:00:51.167126Z 0 [Note] Shutting down plugin 'INNODB_TEMP_TABLE_INFO'
2022-12-13T00:00:51.168110Z 0 [Note] Shutting down plugin 'INNODB_BUFFER_POOL_STATS'
2022-12-13T00:00:51.169110Z 0 [Note] Shutting down plugin 'INNODB_BUFFER_PAGE_LRU'
2022-12-13T00:00:51.169110Z 0 [Note] Shutting down plugin 'INNODB_BUFFER_PAGE'
2022-12-13T00:00:51.170125Z 0 [Note] Shutting down plugin 'INNODB_CMP_PER_INDEX_RESET'
2022-12-13T00:00:51.171109Z 0 [Note] Shutting down plugin 'INNODB_CMP_PER_INDEX'
2022-12-13T00:00:51.172111Z 0 [Note] Shutting down plugin 'INNODB_CMPMEM_RESET'
2022-12-13T00:00:51.172111Z 0 [Note] Shutting down plugin 'INNODB_CMPMEM'
2022-12-13T00:00:51.173110Z 0 [Note] Shutting down plugin 'INNODB_CMP_RESET'
2022-12-13T00:00:51.174631Z 0 [Note] Shutting down plugin 'INNODB_CMP'
2022-12-13T00:00:51.174727Z 0 [Note] Shutting down plugin 'INNODB_LOCK_WAITS'
2022-12-13T00:00:51.175639Z 0 [Note] Shutting down plugin 'INNODB_LOCKS'
2022-12-13T00:00:51.176639Z 0 [Note] Shutting down plugin 'INNODB_TRX'
2022-12-13T00:00:51.176639Z 0 [Note] Shutting down plugin 'InnoDB'
2022-12-13T00:00:51.177644Z 0 [Note] InnoDB: FTS optimize thread exiting.
2022-12-13T00:00:51.178645Z 0 [Note] InnoDB: Starting shutdown...
2022-12-13T00:00:51.284669Z 0 [Note] InnoDB: Dumping buffer pool(s) to C:\Users\damis\Desktop\developpement\01-Github\01-Projets\Routes\00-Database\bin\database\mysql-5.7.11\data\ib_buffer_pool
2022-12-13T00:00:51.289585Z 0 [Note] InnoDB: Buffer pool(s) dump completed at 221213  1:00:51
2022-12-13T00:00:52.508113Z 0 [Note] InnoDB: Shutdown completed; log sequence number 1444791
2022-12-13T00:00:52.509113Z 0 [Note] InnoDB: Removed temporary tablespace data file: "ibtmp1"
2022-12-13T00:00:52.510111Z 0 [Note] Shutting down plugin 'MEMORY'
2022-12-13T00:00:52.510111Z 0 [Note] Shutting down plugin 'CSV'
2022-12-13T00:00:52.511122Z 0 [Note] Shutting down plugin 'sha256_password'
2022-12-13T00:00:52.511122Z 0 [Note] Shutting down plugin 'mysql_native_password'
2022-12-13T00:00:52.512122Z 0 [Note] Shutting down plugin 'binlog'
2022-12-13T00:00:52.516667Z 0 [Note] C:\Users\damis\Desktop\developpement\01-Github\01-Projets\Routes\00-Database\bin\database\mysql-5.7.11\bin\mysqld.exe: Shutdown complete

2022-12-13T00:11:04.337216Z 0 [Warning] TIMESTAMP with implicit DEFAULT value is deprecated. Please use --explicit_defaults_for_timestamp server option (see documentation for more details).
2022-12-13T00:11:04.337216Z 0 [Warning] 'NO_ZERO_DATE', 'NO_ZERO_IN_DATE' and 'ERROR_FOR_DIVISION_BY_ZERO' sql modes should be used with strict mode. They will be merged with strict mode in a future release.
2022-12-13T00:11:04.337216Z 0 [Warning] 'NO_AUTO_CREATE_USER' sql mode was not set.
2022-12-13T00:11:04.337216Z 0 [Warning] Insecure configuration for --secure-file-priv: Current value does not restrict location of generated files. Consider setting it to a valid, non-empty path.
2022-12-13T00:11:04.338217Z 0 [ERROR] Cannot open Windows EventLog; check privileges, or start server with --log_syslog=0
2022-12-13T00:11:04.338217Z 0 [Note] C:\Users\damis\Desktop\developpement\01-Github\01-Projets\Routes\00-Database\bin\database\mysql-5.7.11\bin\mysqld.exe (mysqld 5.7.11) starting as process 30188 ...
2022-12-13T00:11:04.375058Z 0 [ERROR] Can't open shared library 'C:\Users\damis\Desktop\developpement\01-Github\01-Projets\Routes\00-Database\bin\database\mysql-5.7.11\lib\plugin\keyring_file.dll' (errno: 126 Le module spécifié est introuvable.)
2022-12-13T00:11:04.378062Z 0 [ERROR] Couldn't load plugin named 'keyring_file' with soname 'keyring_file.dll'.
2022-12-13T00:11:04.380186Z 0 [Note] InnoDB: Mutexes and rw_locks use Windows interlocked functions
2022-12-13T00:11:04.381184Z 0 [Note] InnoDB: Uses event mutexes
2022-12-13T00:11:04.381184Z 0 [Note] InnoDB: Memory barrier is not used
2022-12-13T00:11:04.382693Z 0 [Note] InnoDB: Compressed tables use zlib 1.2.3
2022-12-13T00:11:04.384703Z 0 [Note] InnoDB: Number of pools: 1
2022-12-13T00:11:04.385715Z 0 [Note] InnoDB: Not using CPU crc32 instructions
2022-12-13T00:11:04.462549Z 0 [Note] InnoDB: Initializing buffer pool, total size = 128M, instances = 1, chunk size = 128M
2022-12-13T00:11:04.473076Z 0 [Note] InnoDB: Completed initialization of buffer pool
2022-12-13T00:11:04.527059Z 0 [Note] InnoDB: Highest supported file format is Barracuda.
2022-12-13T00:11:04.601549Z 0 [Note] InnoDB: Creating shared tablespace for temporary tables
2022-12-13T00:11:04.603648Z 0 [Note] InnoDB: Setting file '.\ibtmp1' size to 12 MB. Physically writing the file full; Please wait ...
2022-12-13T00:11:04.615162Z 0 [Note] InnoDB: File '.\ibtmp1' size is now 12 MB.
2022-12-13T00:11:04.624683Z 0 [Note] InnoDB: 96 redo rollback segment(s) found. 96 redo rollback segment(s) are active.
2022-12-13T00:11:04.626686Z 0 [Note] InnoDB: 32 non-redo rollback segment(s) are active.
2022-12-13T00:11:04.627683Z 0 [Note] InnoDB: Waiting for purge to start
2022-12-13T00:11:04.680496Z 0 [Note] InnoDB: 5.7.11 started; log sequence number 1444791
2022-12-13T00:11:04.682496Z 0 [Note] InnoDB: Loading buffer pool(s) from C:\Users\damis\Desktop\developpement\01-Github\01-Projets\Routes\00-Database\bin\database\mysql-5.7.11\data\ib_buffer_pool
2022-12-13T00:11:04.682496Z 0 [Note] Plugin 'FEDERATED' is disabled.
2022-12-13T00:11:04.688821Z 0 [Note] InnoDB: Buffer pool(s) load completed at 221213  1:11:04
2022-12-13T00:11:04.697934Z 0 [Warning] InnoDB: Cannot open table mysql/plugin from the internal data dictionary of InnoDB though the .frm file for the table exists. Please refer to http://dev.mysql.com/doc/refman/5.7/en/innodb-troubleshooting.html for how to resolve the issue.
mysqld: Table 'mysql.plugin' doesn't exist
2022-12-13T00:11:04.700932Z 0 [ERROR] Can't open the mysql.plugin table. Please run mysql_upgrade to create it.
2022-12-13T00:11:04.718966Z 0 [Warning] InnoDB: Cannot open table mysql/gtid_executed from the internal data dictionary of InnoDB though the .frm file for the table exists. Please refer to http://dev.mysql.com/doc/refman/5.7/en/innodb-troubleshooting.html for how to resolve the issue.
mysqld: Table 'mysql.gtid_executed' doesn't exist
2022-12-13T00:11:04.723488Z 0 [Warning] Gtid table is not ready to be used. Table 'mysql.gtid_executed' cannot be opened.
2022-12-13T00:11:04.725488Z 0 [Warning] Failed to set up SSL because of the following SSL library error: SSL context is not usable without certificate and private key
2022-12-13T00:11:04.731490Z 0 [Note] Server hostname (bind-address): '*'; port: 3306
2022-12-13T00:11:04.732997Z 0 [Note] IPv6 is available.
2022-12-13T00:11:04.732997Z 0 [Note]   - '::' resolves to '::';
2022-12-13T00:11:04.734010Z 0 [Note] Server socket created on IP: '::'.
2022-12-13T00:11:04.749541Z 0 [Warning] InnoDB: Cannot open table mysql/server_cost from the internal data dictionary of InnoDB though the .frm file for the table exists. Please refer to http://dev.mysql.com/doc/refman/5.7/en/innodb-troubleshooting.html for how to resolve the issue.
2022-12-13T00:11:04.752539Z 0 [Warning] Failed to open optimizer cost constant tables

2022-12-13T00:11:04.801627Z 0 [Warning] Found invalid password for user: 'recettes_user@localhost'; Ignoring user
2022-12-13T00:11:04.812662Z 0 [Warning] InnoDB: Cannot open table mysql/time_zone_leap_second from the internal data dictionary of InnoDB though the .frm file for the table exists. Please refer to http://dev.mysql.com/doc/refman/5.7/en/innodb-troubleshooting.html for how to resolve the issue.
2022-12-13T00:11:04.815671Z 0 [Warning] Can't open and lock time zone table: Table 'mysql.time_zone_leap_second' doesn't exist trying to live without them
2022-12-13T00:11:04.870833Z 0 [Warning] InnoDB: Cannot open table mysql/servers from the internal data dictionary of InnoDB though the .frm file for the table exists. Please refer to http://dev.mysql.com/doc/refman/5.7/en/innodb-troubleshooting.html for how to resolve the issue.
2022-12-13T00:11:04.875360Z 0 [ERROR] Can't open and lock privilege tables: Table 'mysql.servers' doesn't exist
2022-12-13T00:11:05.782347Z 0 [Note] Event Scheduler: Loaded 0 events
2022-12-13T00:11:05.783361Z 0 [Note] C:\Users\damis\Desktop\developpement\01-Github\01-Projets\Routes\00-Database\bin\database\mysql-5.7.11\bin\mysqld.exe: ready for connections.
Version: '5.7.11'  socket: ''  port: 3306  MySQL Community Server (GPL)
2022-12-13T00:11:13.717737Z 5 [Warning] InnoDB: Cannot open table phpmyadmin/pma__relation from the internal data dictionary of InnoDB though the .frm file for the table exists. Please refer to http://dev.mysql.com/doc/refman/5.7/en/innodb-troubleshooting.html for how to resolve the issue.
2022-12-13T00:11:13.724905Z 5 [Warning] InnoDB: Cannot open table phpmyadmin/pma__table_info from the internal data dictionary of InnoDB though the .frm file for the table exists. Please refer to http://dev.mysql.com/doc/refman/5.7/en/innodb-troubleshooting.html for how to resolve the issue.
2022-12-13T00:11:13.730925Z 5 [Warning] InnoDB: Cannot open table phpmyadmin/pma__table_coords from the internal data dictionary of InnoDB though the .frm file for the table exists. Please refer to http://dev.mysql.com/doc/refman/5.7/en/innodb-troubleshooting.html for how to resolve the issue.
2022-12-13T00:11:13.738444Z 5 [Warning] InnoDB: Cannot open table phpmyadmin/pma__column_info from the internal data dictionary of InnoDB though the .frm file for the table exists. Please refer to http://dev.mysql.com/doc/refman/5.7/en/innodb-troubleshooting.html for how to resolve the issue.
2022-12-13T00:11:13.744952Z 5 [Warning] InnoDB: Cannot open table phpmyadmin/pma__history from the internal data dictionary of InnoDB though the .frm file for the table exists. Please refer to http://dev.mysql.com/doc/refman/5.7/en/innodb-troubleshooting.html for how to resolve the issue.
2022-12-13T00:11:13.750996Z 5 [Warning] InnoDB: Cannot open table phpmyadmin/pma__recent from the internal data dictionary of InnoDB though the .frm file for the table exists. Please refer to http://dev.mysql.com/doc/refman/5.7/en/innodb-troubleshooting.html for how to resolve the issue.
2022-12-13T00:11:13.757550Z 5 [Warning] InnoDB: Cannot open table phpmyadmin/pma__favorite from the internal data dictionary of InnoDB though the .frm file for the table exists. Please refer to http://dev.mysql.com/doc/refman/5.7/en/innodb-troubleshooting.html for how to resolve the issue.
2022-12-13T00:11:13.765144Z 5 [Warning] InnoDB: Cannot open table phpmyadmin/pma__table_uiprefs from the internal data dictionary of InnoDB though the .frm file for the table exists. Please refer to http://dev.mysql.com/doc/refman/5.7/en/innodb-troubleshooting.html for how to resolve the issue.
2022-12-13T00:11:13.771139Z 5 [Warning] InnoDB: Cannot open table phpmyadmin/pma__tracking from the internal data dictionary of InnoDB though the .frm file for the table exists. Please refer to http://dev.mysql.com/doc/refman/5.7/en/innodb-troubleshooting.html for how to resolve the issue.
2022-12-13T00:11:13.777754Z 5 [Warning] InnoDB: Cannot open table phpmyadmin/pma__userconfig from the internal data dictionary of InnoDB though the .frm file for the table exists. Please refer to http://dev.mysql.com/doc/refman/5.7/en/innodb-troubleshooting.html for how to resolve the issue.
2022-12-13T00:11:13.784335Z 5 [Warning] InnoDB: Cannot open table phpmyadmin/pma__bookmark from the internal data dictionary of InnoDB though the .frm file for the table exists. Please refer to http://dev.mysql.com/doc/refman/5.7/en/innodb-troubleshooting.html for how to resolve the issue.
2022-12-13T00:11:13.790383Z 5 [Warning] InnoDB: Cannot open table phpmyadmin/pma__users from the internal data dictionary of InnoDB though the .frm file for the table exists. Please refer to http://dev.mysql.com/doc/refman/5.7/en/innodb-troubleshooting.html for how to resolve the issue.
2022-12-13T00:11:13.796927Z 5 [Warning] InnoDB: Cannot open table phpmyadmin/pma__navigationhiding from the internal data dictionary of InnoDB though the .frm file for the table exists. Please refer to http://dev.mysql.com/doc/refman/5.7/en/innodb-troubleshooting.html for how to resolve the issue.
2022-12-13T00:11:13.803495Z 5 [Warning] InnoDB: Cannot open table phpmyadmin/pma__savedsearches from the internal data dictionary of InnoDB though the .frm file for the table exists. Please refer to http://dev.mysql.com/doc/refman/5.7/en/innodb-troubleshooting.html for how to resolve the issue.
2022-12-13T00:11:13.809493Z 5 [Warning] InnoDB: Cannot open table phpmyadmin/pma__central_columns from the internal data dictionary of InnoDB though the .frm file for the table exists. Please refer to http://dev.mysql.com/doc/refman/5.7/en/innodb-troubleshooting.html for how to resolve the issue.
2022-12-13T00:11:13.816544Z 5 [Warning] InnoDB: Cannot open table phpmyadmin/pma__designer_settings from the internal data dictionary of InnoDB though the .frm file for the table exists. Please refer to http://dev.mysql.com/doc/refman/5.7/en/innodb-troubleshooting.html for how to resolve the issue.
2022-12-13T00:11:13.821542Z 5 [Warning] InnoDB: Cannot open table phpmyadmin/pma__export_templates from the internal data dictionary of InnoDB though the .frm file for the table exists. Please refer to http://dev.mysql.com/doc/refman/5.7/en/innodb-troubleshooting.html for how to resolve the issue.
2022-12-13T00:11:13.868924Z 4 [ERROR] InnoDB: Table `mysql`.`innodb_table_stats` not found.
2022-12-13T00:11:13.869963Z 4 [ERROR] InnoDB: Fetch of persistent statistics requested for table `db_framework`.`t_user` but the required system tables mysql.innodb_table_stats and mysql.innodb_index_stats are not present or have unexpected structure. Using transient stats instead.
2022-12-13T00:33:32.034912Z 0 [Note] C:\Users\damis\Desktop\developpement\01-Github\01-Projets\Routes\00-Database\bin\database\mysql-5.7.11\bin\mysqld.exe: Normal shutdown

2022-12-13T00:33:32.036911Z 0 [Note] Giving 0 client threads a chance to die gracefully
2022-12-13T00:33:32.037910Z 0 [Note] Shutting down slave threads
2022-12-13T00:33:32.038912Z 0 [Note] Forcefully disconnecting 0 remaining clients
2022-12-13T00:33:32.039913Z 0 [Note] Event Scheduler: Purging the queue. 0 events
2022-12-13T00:33:32.041424Z 0 [Note] Binlog end
2022-12-13T00:33:32.043442Z 0 [Note] Shutting down plugin 'ngram'
2022-12-13T00:33:32.043442Z 0 [Note] Shutting down plugin 'partition'
2022-12-13T00:33:32.044443Z 0 [Note] Shutting down plugin 'BLACKHOLE'
2022-12-13T00:33:32.045443Z 0 [Note] Shutting down plugin 'ARCHIVE'
2022-12-13T00:33:32.046441Z 0 [Note] Shutting down plugin 'PERFORMANCE_SCHEMA'
2022-12-13T00:33:32.046441Z 0 [Note] Shutting down plugin 'MRG_MYISAM'
2022-12-13T00:33:32.047442Z 0 [Note] Shutting down plugin 'MyISAM'
2022-12-13T00:33:32.048442Z 0 [Note] Shutting down plugin 'INNODB_SYS_VIRTUAL'
2022-12-13T00:33:32.049442Z 0 [Note] Shutting down plugin 'INNODB_SYS_DATAFILES'
2022-12-13T00:33:32.049442Z 0 [Note] Shutting down plugin 'INNODB_SYS_TABLESPACES'
2022-12-13T00:33:32.050950Z 0 [Note] Shutting down plugin 'INNODB_SYS_FOREIGN_COLS'
2022-12-13T00:33:32.051960Z 0 [Note] Shutting down plugin 'INNODB_SYS_FOREIGN'
2022-12-13T00:33:32.052960Z 0 [Note] Shutting down plugin 'INNODB_SYS_FIELDS'
2022-12-13T00:33:32.053960Z 0 [Note] Shutting down plugin 'INNODB_SYS_COLUMNS'
2022-12-13T00:33:32.053960Z 0 [Note] Shutting down plugin 'INNODB_SYS_INDEXES'
2022-12-13T00:33:32.054960Z 0 [Note] Shutting down plugin 'INNODB_SYS_TABLESTATS'
2022-12-13T00:33:32.055960Z 0 [Note] Shutting down plugin 'INNODB_SYS_TABLES'
2022-12-13T00:33:32.056959Z 0 [Note] Shutting down plugin 'INNODB_FT_INDEX_TABLE'
2022-12-13T00:33:32.056959Z 0 [Note] Shutting down plugin 'INNODB_FT_INDEX_CACHE'
2022-12-13T00:33:32.057960Z 0 [Note] Shutting down plugin 'INNODB_FT_CONFIG'
2022-12-13T00:33:32.058965Z 0 [Note] Shutting down plugin 'INNODB_FT_BEING_DELETED'
2022-12-13T00:33:32.059961Z 0 [Note] Shutting down plugin 'INNODB_FT_DELETED'
2022-12-13T00:33:32.060960Z 0 [Note] Shutting down plugin 'INNODB_FT_DEFAULT_STOPWORD'
2022-12-13T00:33:32.061469Z 0 [Note] Shutting down plugin 'INNODB_METRICS'
2022-12-13T00:33:32.062475Z 0 [Note] Shutting down plugin 'INNODB_TEMP_TABLE_INFO'
2022-12-13T00:33:32.062475Z 0 [Note] Shutting down plugin 'INNODB_BUFFER_POOL_STATS'
2022-12-13T00:33:32.063476Z 0 [Note] Shutting down plugin 'INNODB_BUFFER_PAGE_LRU'
2022-12-13T00:33:32.064476Z 0 [Note] Shutting down plugin 'INNODB_BUFFER_PAGE'
2022-12-13T00:33:32.065478Z 0 [Note] Shutting down plugin 'INNODB_CMP_PER_INDEX_RESET'
2022-12-13T00:33:32.066476Z 0 [Note] Shutting down plugin 'INNODB_CMP_PER_INDEX'
2022-12-13T00:33:32.066476Z 0 [Note] Shutting down plugin 'INNODB_CMPMEM_RESET'
2022-12-13T00:33:32.067478Z 0 [Note] Shutting down plugin 'INNODB_CMPMEM'
2022-12-13T00:33:32.068479Z 0 [Note] Shutting down plugin 'INNODB_CMP_RESET'
2022-12-13T00:33:32.068479Z 0 [Note] Shutting down plugin 'INNODB_CMP'
2022-12-13T00:33:32.069479Z 0 [Note] Shutting down plugin 'INNODB_LOCK_WAITS'
2022-12-13T00:33:32.069479Z 0 [Note] Shutting down plugin 'INNODB_LOCKS'
2022-12-13T00:33:32.070989Z 0 [Note] Shutting down plugin 'INNODB_TRX'
2022-12-13T00:33:32.071999Z 0 [Note] Shutting down plugin 'InnoDB'
2022-12-13T00:33:32.071999Z 0 [Note] InnoDB: FTS optimize thread exiting.
2022-12-13T00:33:32.072996Z 0 [Note] InnoDB: Starting shutdown...
2022-12-13T00:33:32.178667Z 0 [Note] InnoDB: Dumping buffer pool(s) to C:\Users\damis\Desktop\developpement\01-Github\01-Projets\Routes\00-Database\bin\database\mysql-5.7.11\data\ib_buffer_pool
2022-12-13T00:33:32.182186Z 0 [Note] InnoDB: Buffer pool(s) dump completed at 221213  1:33:32
2022-12-13T00:33:32.954029Z 0 [Note] InnoDB: Shutdown completed; log sequence number 1444819
2022-12-13T00:33:32.955007Z 0 [Note] InnoDB: Removed temporary tablespace data file: "ibtmp1"
2022-12-13T00:33:32.955007Z 0 [Note] Shutting down plugin 'MEMORY'
2022-12-13T00:33:32.955996Z 0 [Note] Shutting down plugin 'CSV'
2022-12-13T00:33:32.955996Z 0 [Note] Shutting down plugin 'sha256_password'
2022-12-13T00:33:32.957009Z 0 [Note] Shutting down plugin 'mysql_native_password'
2022-12-13T00:33:32.957009Z 0 [Note] Shutting down plugin 'binlog'
2022-12-13T00:33:32.958997Z 0 [Note] C:\Users\damis\Desktop\developpement\01-Github\01-Projets\Routes\00-Database\bin\database\mysql-5.7.11\bin\mysqld.exe: Shutdown complete

2022-12-13T20:20:57.847648Z 0 [Warning] TIMESTAMP with implicit DEFAULT value is deprecated. Please use --explicit_defaults_for_timestamp server option (see documentation for more details).
2022-12-13T20:20:57.847648Z 0 [Warning] 'NO_ZERO_DATE', 'NO_ZERO_IN_DATE' and 'ERROR_FOR_DIVISION_BY_ZERO' sql modes should be used with strict mode. They will be merged with strict mode in a future release.
2022-12-13T20:20:57.847648Z 0 [Warning] 'NO_AUTO_CREATE_USER' sql mode was not set.
2022-12-13T20:20:57.847648Z 0 [Warning] Insecure configuration for --secure-file-priv: Current value does not restrict location of generated files. Consider setting it to a valid, non-empty path.
2022-12-13T20:20:57.848646Z 0 [ERROR] Cannot open Windows EventLog; check privileges, or start server with --log_syslog=0
2022-12-13T20:20:57.848646Z 0 [Note] C:\Users\damis\Desktop\developpement\01-Github\01-Projets\Routes\00-Database\bin\database\mysql-5.7.11\bin\mysqld.exe (mysqld 5.7.11) starting as process 21652 ...
2022-12-13T20:20:57.902155Z 0 [ERROR] Can't open shared library 'C:\Users\damis\Desktop\developpement\01-Github\01-Projets\Routes\00-Database\bin\database\mysql-5.7.11\lib\plugin\keyring_file.dll' (errno: 126 Le module spécifié est introuvable.)
2022-12-13T20:20:57.905152Z 0 [ERROR] Couldn't load plugin named 'keyring_file' with soname 'keyring_file.dll'.
2022-12-13T20:20:57.906154Z 0 [Note] InnoDB: Mutexes and rw_locks use Windows interlocked functions
2022-12-13T20:20:57.908152Z 0 [Note] InnoDB: Uses event mutexes
2022-12-13T20:20:57.908152Z 0 [Note] InnoDB: Memory barrier is not used
2022-12-13T20:20:57.909154Z 0 [Note] InnoDB: Compressed tables use zlib 1.2.3
2022-12-13T20:20:57.911151Z 0 [Note] InnoDB: Number of pools: 1
2022-12-13T20:20:57.911151Z 0 [Note] InnoDB: Not using CPU crc32 instructions
2022-12-13T20:20:57.999625Z 0 [Note] InnoDB: Initializing buffer pool, total size = 128M, instances = 1, chunk size = 128M
2022-12-13T20:20:58.018184Z 0 [Note] InnoDB: Completed initialization of buffer pool
2022-12-13T20:20:58.092753Z 0 [Note] InnoDB: Highest supported file format is Barracuda.
2022-12-13T20:20:58.198966Z 0 [Note] InnoDB: Creating shared tablespace for temporary tables
2022-12-13T20:20:58.201480Z 0 [Note] InnoDB: Setting file '.\ibtmp1' size to 12 MB. Physically writing the file full; Please wait ...
2022-12-13T20:20:58.213017Z 0 [Note] InnoDB: File '.\ibtmp1' size is now 12 MB.
2022-12-13T20:20:58.226077Z 0 [Note] InnoDB: 96 redo rollback segment(s) found. 96 redo rollback segment(s) are active.
2022-12-13T20:20:58.228076Z 0 [Note] InnoDB: 32 non-redo rollback segment(s) are active.
2022-12-13T20:20:58.230077Z 0 [Note] InnoDB: Waiting for purge to start
2022-12-13T20:20:58.284628Z 0 [Note] InnoDB: 5.7.11 started; log sequence number 1444819
2022-12-13T20:20:58.286629Z 0 [Note] Plugin 'FEDERATED' is disabled.
2022-12-13T20:20:58.286629Z 0 [Note] InnoDB: Loading buffer pool(s) from C:\Users\damis\Desktop\developpement\01-Github\01-Projets\Routes\00-Database\bin\database\mysql-5.7.11\data\ib_buffer_pool
2022-12-13T20:20:58.304694Z 0 [Note] InnoDB: Buffer pool(s) load completed at 221213 21:20:58
2022-12-13T20:20:58.311203Z 0 [Warning] InnoDB: Cannot open table mysql/plugin from the internal data dictionary of InnoDB though the .frm file for the table exists. Please refer to http://dev.mysql.com/doc/refman/5.7/en/innodb-troubleshooting.html for how to resolve the issue.
mysqld: Table 'mysql.plugin' doesn't exist
2022-12-13T20:20:58.315223Z 0 [ERROR] Can't open the mysql.plugin table. Please run mysql_upgrade to create it.
2022-12-13T20:20:58.336800Z 0 [Warning] InnoDB: Cannot open table mysql/gtid_executed from the internal data dictionary of InnoDB though the .frm file for the table exists. Please refer to http://dev.mysql.com/doc/refman/5.7/en/innodb-troubleshooting.html for how to resolve the issue.
mysqld: Table 'mysql.gtid_executed' doesn't exist
2022-12-13T20:20:58.341309Z 0 [Warning] Gtid table is not ready to be used. Table 'mysql.gtid_executed' cannot be opened.
2022-12-13T20:20:58.343321Z 0 [Warning] Failed to set up SSL because of the following SSL library error: SSL context is not usable without certificate and private key
2022-12-13T20:20:58.349332Z 0 [Note] Server hostname (bind-address): '*'; port: 3306
2022-12-13T20:20:58.351337Z 0 [Note] IPv6 is available.
2022-12-13T20:20:58.352860Z 0 [Note]   - '::' resolves to '::';
2022-12-13T20:20:58.353862Z 0 [Note] Server socket created on IP: '::'.
2022-12-13T20:20:58.369413Z 0 [Warning] InnoDB: Cannot open table mysql/server_cost from the internal data dictionary of InnoDB though the .frm file for the table exists. Please refer to http://dev.mysql.com/doc/refman/5.7/en/innodb-troubleshooting.html for how to resolve the issue.
2022-12-13T20:20:58.372934Z 0 [Warning] Failed to open optimizer cost constant tables

2022-12-13T20:20:58.492876Z 0 [Warning] Found invalid password for user: 'recettes_user@localhost'; Ignoring user
2022-12-13T20:20:58.507415Z 0 [Warning] InnoDB: Cannot open table mysql/time_zone_leap_second from the internal data dictionary of InnoDB though the .frm file for the table exists. Please refer to http://dev.mysql.com/doc/refman/5.7/en/innodb-troubleshooting.html for how to resolve the issue.
2022-12-13T20:20:58.511929Z 0 [Warning] Can't open and lock time zone table: Table 'mysql.time_zone_leap_second' doesn't exist trying to live without them
2022-12-13T20:20:58.588170Z 0 [Warning] InnoDB: Cannot open table mysql/servers from the internal data dictionary of InnoDB though the .frm file for the table exists. Please refer to http://dev.mysql.com/doc/refman/5.7/en/innodb-troubleshooting.html for how to resolve the issue.
2022-12-13T20:20:58.591672Z 0 [ERROR] Can't open and lock privilege tables: Table 'mysql.servers' doesn't exist
2022-12-13T20:20:59.524463Z 0 [Note] Event Scheduler: Loaded 0 events
2022-12-13T20:20:59.525440Z 0 [Note] C:\Users\damis\Desktop\developpement\01-Github\01-Projets\Routes\00-Database\bin\database\mysql-5.7.11\bin\mysqld.exe: ready for connections.
Version: '5.7.11'  socket: ''  port: 3306  MySQL Community Server (GPL)
2022-12-13T23:37:16.372311Z 5 [Warning] InnoDB: Cannot open table phpmyadmin/pma__relation from the internal data dictionary of InnoDB though the .frm file for the table exists. Please refer to http://dev.mysql.com/doc/refman/5.7/en/innodb-troubleshooting.html for how to resolve the issue.
2022-12-13T23:37:16.379878Z 5 [Warning] InnoDB: Cannot open table phpmyadmin/pma__table_info from the internal data dictionary of InnoDB though the .frm file for the table exists. Please refer to http://dev.mysql.com/doc/refman/5.7/en/innodb-troubleshooting.html for how to resolve the issue.
2022-12-13T23:37:16.386476Z 5 [Warning] InnoDB: Cannot open table phpmyadmin/pma__table_coords from the internal data dictionary of InnoDB though the .frm file for the table exists. Please refer to http://dev.mysql.com/doc/refman/5.7/en/innodb-troubleshooting.html for how to resolve the issue.
2022-12-13T23:37:16.393439Z 5 [Warning] InnoDB: Cannot open table phpmyadmin/pma__column_info from the internal data dictionary of InnoDB though the .frm file for the table exists. Please refer to http://dev.mysql.com/doc/refman/5.7/en/innodb-troubleshooting.html for how to resolve the issue.
2022-12-13T23:37:16.399541Z 5 [Warning] InnoDB: Cannot open table phpmyadmin/pma__history from the internal data dictionary of InnoDB though the .frm file for the table exists. Please refer to http://dev.mysql.com/doc/refman/5.7/en/innodb-troubleshooting.html for how to resolve the issue.
2022-12-13T23:37:16.406068Z 5 [Warning] InnoDB: Cannot open table phpmyadmin/pma__recent from the internal data dictionary of InnoDB though the .frm file for the table exists. Please refer to http://dev.mysql.com/doc/refman/5.7/en/innodb-troubleshooting.html for how to resolve the issue.
2022-12-13T23:37:16.413071Z 5 [Warning] InnoDB: Cannot open table phpmyadmin/pma__favorite from the internal data dictionary of InnoDB though the .frm file for the table exists. Please refer to http://dev.mysql.com/doc/refman/5.7/en/innodb-troubleshooting.html for how to resolve the issue.
2022-12-13T23:37:16.419383Z 5 [Warning] InnoDB: Cannot open table phpmyadmin/pma__table_uiprefs from the internal data dictionary of InnoDB though the .frm file for the table exists. Please refer to http://dev.mysql.com/doc/refman/5.7/en/innodb-troubleshooting.html for how to resolve the issue.
2022-12-13T23:37:16.426916Z 5 [Warning] InnoDB: Cannot open table phpmyadmin/pma__tracking from the internal data dictionary of InnoDB though the .frm file for the table exists. Please refer to http://dev.mysql.com/doc/refman/5.7/en/innodb-troubleshooting.html for how to resolve the issue.
2022-12-13T23:37:16.432913Z 5 [Warning] InnoDB: Cannot open table phpmyadmin/pma__userconfig from the internal data dictionary of InnoDB though the .frm file for the table exists. Please refer to http://dev.mysql.com/doc/refman/5.7/en/innodb-troubleshooting.html for how to resolve the issue.
2022-12-13T23:37:16.440988Z 5 [Warning] InnoDB: Cannot open table phpmyadmin/pma__bookmark from the internal data dictionary of InnoDB though the .frm file for the table exists. Please refer to http://dev.mysql.com/doc/refman/5.7/en/innodb-troubleshooting.html for how to resolve the issue.
2022-12-13T23:37:16.448132Z 5 [Warning] InnoDB: Cannot open table phpmyadmin/pma__users from the internal data dictionary of InnoDB though the .frm file for the table exists. Please refer to http://dev.mysql.com/doc/refman/5.7/en/innodb-troubleshooting.html for how to resolve the issue.
2022-12-13T23:37:16.455096Z 5 [Warning] InnoDB: Cannot open table phpmyadmin/pma__navigationhiding from the internal data dictionary of InnoDB though the .frm file for the table exists. Please refer to http://dev.mysql.com/doc/refman/5.7/en/innodb-troubleshooting.html for how to resolve the issue.
2022-12-13T23:37:16.460686Z 5 [Warning] InnoDB: Cannot open table phpmyadmin/pma__savedsearches from the internal data dictionary of InnoDB though the .frm file for the table exists. Please refer to http://dev.mysql.com/doc/refman/5.7/en/innodb-troubleshooting.html for how to resolve the issue.
2022-12-13T23:37:16.468181Z 5 [Warning] InnoDB: Cannot open table phpmyadmin/pma__central_columns from the internal data dictionary of InnoDB though the .frm file for the table exists. Please refer to http://dev.mysql.com/doc/refman/5.7/en/innodb-troubleshooting.html for how to resolve the issue.
2022-12-13T23:37:16.474748Z 5 [Warning] InnoDB: Cannot open table phpmyadmin/pma__designer_settings from the internal data dictionary of InnoDB though the .frm file for the table exists. Please refer to http://dev.mysql.com/doc/refman/5.7/en/innodb-troubleshooting.html for how to resolve the issue.
2022-12-13T23:37:16.481757Z 5 [Warning] InnoDB: Cannot open table phpmyadmin/pma__export_templates from the internal data dictionary of InnoDB though the .frm file for the table exists. Please refer to http://dev.mysql.com/doc/refman/5.7/en/innodb-troubleshooting.html for how to resolve the issue.
2022-12-13T23:37:24.278764Z 16 [ERROR] InnoDB: Table `mysql`.`innodb_table_stats` not found.
2022-12-13T23:37:24.278764Z 16 [ERROR] InnoDB: Fetch of persistent statistics requested for table `db_framework`.`t_user` but the required system tables mysql.innodb_table_stats and mysql.innodb_index_stats are not present or have unexpected structure. Using transient stats instead.
2022-12-14T00:19:28.450910Z 0 [Note] C:\Users\damis\Desktop\developpement\01-Github\01-Projets\Routes\00-Database\bin\database\mysql-5.7.11\bin\mysqld.exe: Normal shutdown

2022-12-14T00:19:28.453913Z 0 [Note] Giving 0 client threads a chance to die gracefully
2022-12-14T00:19:28.455424Z 0 [Note] Shutting down slave threads
2022-12-14T00:19:28.456435Z 0 [Note] Forcefully disconnecting 0 remaining clients
2022-12-14T00:19:28.457444Z 0 [Note] Event Scheduler: Purging the queue. 0 events
2022-12-14T00:19:28.459444Z 0 [Note] Binlog end
2022-12-14T00:19:28.464956Z 0 [Note] Shutting down plugin 'ngram'
2022-12-14T00:19:28.465966Z 0 [Note] Shutting down plugin 'partition'
2022-12-14T00:19:28.467981Z 0 [Note] Shutting down plugin 'BLACKHOLE'
2022-12-14T00:19:28.469978Z 0 [Note] Shutting down plugin 'ARCHIVE'
2022-12-14T00:19:28.470977Z 0 [Note] Shutting down plugin 'PERFORMANCE_SCHEMA'
2022-12-14T00:19:28.471976Z 0 [Note] Shutting down plugin 'MRG_MYISAM'
2022-12-14T00:19:28.472977Z 0 [Note] Shutting down plugin 'MyISAM'
2022-12-14T00:19:28.473977Z 0 [Note] Shutting down plugin 'INNODB_SYS_VIRTUAL'
2022-12-14T00:19:28.474979Z 0 [Note] Shutting down plugin 'INNODB_SYS_DATAFILES'
2022-12-14T00:19:28.476172Z 0 [Note] Shutting down plugin 'INNODB_SYS_TABLESPACES'
2022-12-14T00:19:28.477176Z 0 [Note] Shutting down plugin 'INNODB_SYS_FOREIGN_COLS'
2022-12-14T00:19:28.478171Z 0 [Note] Shutting down plugin 'INNODB_SYS_FOREIGN'
2022-12-14T00:19:28.479171Z 0 [Note] Shutting down plugin 'INNODB_SYS_FIELDS'
2022-12-14T00:19:28.481174Z 0 [Note] Shutting down plugin 'INNODB_SYS_COLUMNS'
2022-12-14T00:19:28.482172Z 0 [Note] Shutting down plugin 'INNODB_SYS_INDEXES'
2022-12-14T00:19:28.483173Z 0 [Note] Shutting down plugin 'INNODB_SYS_TABLESTATS'
2022-12-14T00:19:28.484171Z 0 [Note] Shutting down plugin 'INNODB_SYS_TABLES'
2022-12-14T00:19:28.485170Z 0 [Note] Shutting down plugin 'INNODB_FT_INDEX_TABLE'
2022-12-14T00:19:28.485676Z 0 [Note] Shutting down plugin 'INNODB_FT_INDEX_CACHE'
2022-12-14T00:19:28.486685Z 0 [Note] Shutting down plugin 'INNODB_FT_CONFIG'
2022-12-14T00:19:28.487694Z 0 [Note] Shutting down plugin 'INNODB_FT_BEING_DELETED'
2022-12-14T00:19:28.488696Z 0 [Note] Shutting down plugin 'INNODB_FT_DELETED'
2022-12-14T00:19:28.489693Z 0 [Note] Shutting down plugin 'INNODB_FT_DEFAULT_STOPWORD'
2022-12-14T00:19:28.490698Z 0 [Note] Shutting down plugin 'INNODB_METRICS'
2022-12-14T00:19:28.491697Z 0 [Note] Shutting down plugin 'INNODB_TEMP_TABLE_INFO'
2022-12-14T00:19:28.491697Z 0 [Note] Shutting down plugin 'INNODB_BUFFER_POOL_STATS'
2022-12-14T00:19:28.492697Z 0 [Note] Shutting down plugin 'INNODB_BUFFER_PAGE_LRU'
2022-12-14T00:19:28.493693Z 0 [Note] Shutting down plugin 'INNODB_BUFFER_PAGE'
2022-12-14T00:19:28.496213Z 0 [Note] Shutting down plugin 'INNODB_CMP_PER_INDEX_RESET'
2022-12-14T00:19:28.497221Z 0 [Note] Shutting down plugin 'INNODB_CMP_PER_INDEX'
2022-12-14T00:19:28.498220Z 0 [Note] Shutting down plugin 'INNODB_CMPMEM_RESET'
2022-12-14T00:19:28.500222Z 0 [Note] Shutting down plugin 'INNODB_CMPMEM'
2022-12-14T00:19:28.501222Z 0 [Note] Shutting down plugin 'INNODB_CMP_RESET'
2022-12-14T00:19:28.502223Z 0 [Note] Shutting down plugin 'INNODB_CMP'
2022-12-14T00:19:28.503223Z 0 [Note] Shutting down plugin 'INNODB_LOCK_WAITS'
2022-12-14T00:19:28.504222Z 0 [Note] Shutting down plugin 'INNODB_LOCKS'
2022-12-14T00:19:28.505223Z 0 [Note] Shutting down plugin 'INNODB_TRX'
2022-12-14T00:19:28.506495Z 0 [Note] Shutting down plugin 'InnoDB'
2022-12-14T00:19:28.507494Z 0 [Note] InnoDB: FTS optimize thread exiting.
2022-12-14T00:19:28.508493Z 0 [Note] InnoDB: Starting shutdown...
2022-12-14T00:19:28.623463Z 0 [Note] InnoDB: Dumping buffer pool(s) to C:\Users\damis\Desktop\developpement\01-Github\01-Projets\Routes\00-Database\bin\database\mysql-5.7.11\data\ib_buffer_pool
2022-12-14T00:19:28.628999Z 0 [Note] InnoDB: Buffer pool(s) dump completed at 221214  1:19:28
2022-12-14T00:19:29.753629Z 0 [Note] InnoDB: Shutdown completed; log sequence number 1444847
2022-12-14T00:19:29.753629Z 0 [Note] InnoDB: Removed temporary tablespace data file: "ibtmp1"
2022-12-14T00:19:29.755136Z 0 [Note] Shutting down plugin 'MEMORY'
2022-12-14T00:19:29.756144Z 0 [Note] Shutting down plugin 'CSV'
2022-12-14T00:19:29.756144Z 0 [Note] Shutting down plugin 'sha256_password'
2022-12-14T00:19:29.757146Z 0 [Note] Shutting down plugin 'mysql_native_password'
2022-12-14T00:19:29.758152Z 0 [Note] Shutting down plugin 'binlog'
2022-12-14T00:19:29.765155Z 0 [Note] C:\Users\damis\Desktop\developpement\01-Github\01-Projets\Routes\00-Database\bin\database\mysql-5.7.11\bin\mysqld.exe: Shutdown complete

2022-12-14T17:44:07.609901Z 0 [Warning] TIMESTAMP with implicit DEFAULT value is deprecated. Please use --explicit_defaults_for_timestamp server option (see documentation for more details).
2022-12-14T17:44:07.609901Z 0 [Warning] 'NO_ZERO_DATE', 'NO_ZERO_IN_DATE' and 'ERROR_FOR_DIVISION_BY_ZERO' sql modes should be used with strict mode. They will be merged with strict mode in a future release.
2022-12-14T17:44:07.609901Z 0 [Warning] 'NO_AUTO_CREATE_USER' sql mode was not set.
2022-12-14T17:44:07.609901Z 0 [Warning] Insecure configuration for --secure-file-priv: Current value does not restrict location of generated files. Consider setting it to a valid, non-empty path.
2022-12-14T17:44:07.609901Z 0 [ERROR] Cannot open Windows EventLog; check privileges, or start server with --log_syslog=0
2022-12-14T17:44:07.609901Z 0 [Note] C:\Users\damis\Desktop\developpement\01-Github\01-Projets\Routes\00-Database\bin\database\mysql-5.7.11\bin\mysqld.exe (mysqld 5.7.11) starting as process 11340 ...
2022-12-14T17:44:07.636538Z 0 [ERROR] Can't open shared library 'C:\Users\damis\Desktop\developpement\01-Github\01-Projets\Routes\00-Database\bin\database\mysql-5.7.11\lib\plugin\keyring_file.dll' (errno: 126 Le module spécifié est introuvable.)
2022-12-14T17:44:07.637538Z 0 [ERROR] Couldn't load plugin named 'keyring_file' with soname 'keyring_file.dll'.
2022-12-14T17:44:07.638539Z 0 [Note] InnoDB: Mutexes and rw_locks use Windows interlocked functions
2022-12-14T17:44:07.639574Z 0 [Note] InnoDB: Uses event mutexes
2022-12-14T17:44:07.639574Z 0 [Note] InnoDB: Memory barrier is not used
2022-12-14T17:44:07.640702Z 0 [Note] InnoDB: Compressed tables use zlib 1.2.3
2022-12-14T17:44:07.641744Z 0 [Note] InnoDB: Number of pools: 1
2022-12-14T17:44:07.641744Z 0 [Note] InnoDB: Not using CPU crc32 instructions
2022-12-14T17:44:07.716677Z 0 [Note] InnoDB: Initializing buffer pool, total size = 128M, instances = 1, chunk size = 128M
2022-12-14T17:44:07.725270Z 0 [Note] InnoDB: Completed initialization of buffer pool
2022-12-14T17:44:07.773537Z 0 [Note] InnoDB: Highest supported file format is Barracuda.
2022-12-14T17:44:07.833625Z 0 [Note] InnoDB: Creating shared tablespace for temporary tables
2022-12-14T17:44:07.834629Z 0 [Note] InnoDB: Setting file '.\ibtmp1' size to 12 MB. Physically writing the file full; Please wait ...
2022-12-14T17:44:07.846687Z 0 [Note] InnoDB: File '.\ibtmp1' size is now 12 MB.
2022-12-14T17:44:07.854937Z 0 [Note] InnoDB: 96 redo rollback segment(s) found. 96 redo rollback segment(s) are active.
2022-12-14T17:44:07.854937Z 0 [Note] InnoDB: 32 non-redo rollback segment(s) are active.
2022-12-14T17:44:07.856941Z 0 [Note] InnoDB: Waiting for purge to start
2022-12-14T17:44:07.908805Z 0 [Note] InnoDB: 5.7.11 started; log sequence number 1444847
2022-12-14T17:44:07.909805Z 0 [Note] InnoDB: Loading buffer pool(s) from C:\Users\damis\Desktop\developpement\01-Github\01-Projets\Routes\00-Database\bin\database\mysql-5.7.11\data\ib_buffer_pool
2022-12-14T17:44:07.909805Z 0 [Note] Plugin 'FEDERATED' is disabled.
2022-12-14T17:44:07.921407Z 0 [Note] InnoDB: Buffer pool(s) load completed at 221214 18:44:07
2022-12-14T17:44:07.923925Z 0 [Warning] InnoDB: Cannot open table mysql/plugin from the internal data dictionary of InnoDB though the .frm file for the table exists. Please refer to http://dev.mysql.com/doc/refman/5.7/en/innodb-troubleshooting.html for how to resolve the issue.
mysqld: Table 'mysql.plugin' doesn't exist
2022-12-14T17:44:07.925928Z 0 [ERROR] Can't open the mysql.plugin table. Please run mysql_upgrade to create it.
2022-12-14T17:44:07.936991Z 0 [Warning] InnoDB: Cannot open table mysql/gtid_executed from the internal data dictionary of InnoDB though the .frm file for the table exists. Please refer to http://dev.mysql.com/doc/refman/5.7/en/innodb-troubleshooting.html for how to resolve the issue.
mysqld: Table 'mysql.gtid_executed' doesn't exist
2022-12-14T17:44:07.939495Z 0 [Warning] Gtid table is not ready to be used. Table 'mysql.gtid_executed' cannot be opened.
2022-12-14T17:44:07.940505Z 0 [Warning] Failed to set up SSL because of the following SSL library error: SSL context is not usable without certificate and private key
2022-12-14T17:44:07.944502Z 0 [Note] Server hostname (bind-address): '*'; port: 3306
2022-12-14T17:44:07.945502Z 0 [Note] IPv6 is available.
2022-12-14T17:44:07.945502Z 0 [Note]   - '::' resolves to '::';
2022-12-14T17:44:07.946505Z 0 [Note] Server socket created on IP: '::'.
2022-12-14T17:44:07.952621Z 0 [Warning] InnoDB: Cannot open table mysql/server_cost from the internal data dictionary of InnoDB though the .frm file for the table exists. Please refer to http://dev.mysql.com/doc/refman/5.7/en/innodb-troubleshooting.html for how to resolve the issue.
2022-12-14T17:44:07.955618Z 0 [Warning] Failed to open optimizer cost constant tables

2022-12-14T17:44:08.020832Z 0 [Warning] Found invalid password for user: 'recettes_user@localhost'; Ignoring user
2022-12-14T17:44:08.028346Z 0 [Warning] InnoDB: Cannot open table mysql/time_zone_leap_second from the internal data dictionary of InnoDB though the .frm file for the table exists. Please refer to http://dev.mysql.com/doc/refman/5.7/en/innodb-troubleshooting.html for how to resolve the issue.
2022-12-14T17:44:08.031864Z 0 [Warning] Can't open and lock time zone table: Table 'mysql.time_zone_leap_second' doesn't exist trying to live without them
2022-12-14T17:44:08.078640Z 0 [Warning] InnoDB: Cannot open table mysql/servers from the internal data dictionary of InnoDB though the .frm file for the table exists. Please refer to http://dev.mysql.com/doc/refman/5.7/en/innodb-troubleshooting.html for how to resolve the issue.
2022-12-14T17:44:08.080753Z 0 [ERROR] Can't open and lock privilege tables: Table 'mysql.servers' doesn't exist
2022-12-14T17:44:08.810927Z 0 [Note] Event Scheduler: Loaded 0 events
2022-12-14T17:44:08.811929Z 0 [Note] C:\Users\damis\Desktop\developpement\01-Github\01-Projets\Routes\00-Database\bin\database\mysql-5.7.11\bin\mysqld.exe: ready for connections.
Version: '5.7.11'  socket: ''  port: 3306  MySQL Community Server (GPL)
2022-12-14T18:06:33.604040Z 0 [Note] C:\Users\damis\Desktop\developpement\01-Github\01-Projets\Routes\00-Database\bin\database\mysql-5.7.11\bin\mysqld.exe: Normal shutdown

2022-12-14T18:06:33.605053Z 0 [Note] Giving 0 client threads a chance to die gracefully
2022-12-14T18:06:33.606107Z 0 [Note] Shutting down slave threads
2022-12-14T18:06:33.607119Z 0 [Note] Forcefully disconnecting 0 remaining clients
2022-12-14T18:06:33.608108Z 0 [Note] Event Scheduler: Purging the queue. 0 events
2022-12-14T18:06:33.610109Z 0 [Note] Binlog end
2022-12-14T18:06:33.612106Z 0 [Note] Shutting down plugin 'ngram'
2022-12-14T18:06:33.612106Z 0 [Note] Shutting down plugin 'partition'
2022-12-14T18:06:33.613109Z 0 [Note] Shutting down plugin 'BLACKHOLE'
2022-12-14T18:06:33.613109Z 0 [Note] Shutting down plugin 'ARCHIVE'
2022-12-14T18:06:33.614109Z 0 [Note] Shutting down plugin 'PERFORMANCE_SCHEMA'
2022-12-14T18:06:33.615106Z 0 [Note] Shutting down plugin 'MRG_MYISAM'
2022-12-14T18:06:33.615618Z 0 [Note] Shutting down plugin 'MyISAM'
2022-12-14T18:06:33.615618Z 0 [Note] Shutting down plugin 'INNODB_SYS_VIRTUAL'
2022-12-14T18:06:33.616661Z 0 [Note] Shutting down plugin 'INNODB_SYS_DATAFILES'
2022-12-14T18:06:33.617624Z 0 [Note] Shutting down plugin 'INNODB_SYS_TABLESPACES'
2022-12-14T18:06:33.617624Z 0 [Note] Shutting down plugin 'INNODB_SYS_FOREIGN_COLS'
2022-12-14T18:06:33.618622Z 0 [Note] Shutting down plugin 'INNODB_SYS_FOREIGN'
2022-12-14T18:06:33.618622Z 0 [Note] Shutting down plugin 'INNODB_SYS_FIELDS'
2022-12-14T18:06:33.618622Z 0 [Note] Shutting down plugin 'INNODB_SYS_COLUMNS'
2022-12-14T18:06:33.619622Z 0 [Note] Shutting down plugin 'INNODB_SYS_INDEXES'
2022-12-14T18:06:33.619622Z 0 [Note] Shutting down plugin 'INNODB_SYS_TABLESTATS'
2022-12-14T18:06:33.620621Z 0 [Note] Shutting down plugin 'INNODB_SYS_TABLES'
2022-12-14T18:06:33.620621Z 0 [Note] Shutting down plugin 'INNODB_FT_INDEX_TABLE'
2022-12-14T18:06:33.621622Z 0 [Note] Shutting down plugin 'INNODB_FT_INDEX_CACHE'
2022-12-14T18:06:33.621622Z 0 [Note] Shutting down plugin 'INNODB_FT_CONFIG'
2022-12-14T18:06:33.622624Z 0 [Note] Shutting down plugin 'INNODB_FT_BEING_DELETED'
2022-12-14T18:06:33.622624Z 0 [Note] Shutting down plugin 'INNODB_FT_DELETED'
2022-12-14T18:06:33.623638Z 0 [Note] Shutting down plugin 'INNODB_FT_DEFAULT_STOPWORD'
2022-12-14T18:06:33.623638Z 0 [Note] Shutting down plugin 'INNODB_METRICS'
2022-12-14T18:06:33.625273Z 0 [Note] Shutting down plugin 'INNODB_TEMP_TABLE_INFO'
2022-12-14T18:06:33.625273Z 0 [Note] Shutting down plugin 'INNODB_BUFFER_POOL_STATS'
2022-12-14T18:06:33.626153Z 0 [Note] Shutting down plugin 'INNODB_BUFFER_PAGE_LRU'
2022-12-14T18:06:33.627176Z 0 [Note] Shutting down plugin 'INNODB_BUFFER_PAGE'
2022-12-14T18:06:33.627176Z 0 [Note] Shutting down plugin 'INNODB_CMP_PER_INDEX_RESET'
2022-12-14T18:06:33.628153Z 0 [Note] Shutting down plugin 'INNODB_CMP_PER_INDEX'
2022-12-14T18:06:33.628153Z 0 [Note] Shutting down plugin 'INNODB_CMPMEM_RESET'
2022-12-14T18:06:33.629149Z 0 [Note] Shutting down plugin 'INNODB_CMPMEM'
2022-12-14T18:06:33.629149Z 0 [Note] Shutting down plugin 'INNODB_CMP_RESET'
2022-12-14T18:06:33.630153Z 0 [Note] Shutting down plugin 'INNODB_CMP'
2022-12-14T18:06:33.631148Z 0 [Note] Shutting down plugin 'INNODB_LOCK_WAITS'
2022-12-14T18:06:33.631148Z 0 [Note] Shutting down plugin 'INNODB_LOCKS'
2022-12-14T18:06:33.632148Z 0 [Note] Shutting down plugin 'INNODB_TRX'
2022-12-14T18:06:33.632148Z 0 [Note] Shutting down plugin 'InnoDB'
2022-12-14T18:06:33.633148Z 0 [Note] InnoDB: FTS optimize thread exiting.
2022-12-14T18:06:33.633148Z 0 [Note] InnoDB: Starting shutdown...
2022-12-14T18:06:33.749082Z 0 [Note] InnoDB: Dumping buffer pool(s) to C:\Users\damis\Desktop\developpement\01-Github\01-Projets\Routes\00-Database\bin\database\mysql-5.7.11\data\ib_buffer_pool
2022-12-14T18:06:33.753048Z 0 [Note] InnoDB: Buffer pool(s) dump completed at 221214 19:06:33
2022-12-14T18:06:34.197454Z 0 [Note] InnoDB: Shutdown completed; log sequence number 1444891
2022-12-14T18:06:34.198421Z 0 [Note] InnoDB: Removed temporary tablespace data file: "ibtmp1"
2022-12-14T18:06:34.199417Z 0 [Note] Shutting down plugin 'MEMORY'
2022-12-14T18:06:34.199417Z 0 [Note] Shutting down plugin 'CSV'
2022-12-14T18:06:34.200416Z 0 [Note] Shutting down plugin 'sha256_password'
2022-12-14T18:06:34.200416Z 0 [Note] Shutting down plugin 'mysql_native_password'
2022-12-14T18:06:34.201416Z 0 [Note] Shutting down plugin 'binlog'
2022-12-14T18:06:34.202417Z 0 [Note] C:\Users\damis\Desktop\developpement\01-Github\01-Projets\Routes\00-Database\bin\database\mysql-5.7.11\bin\mysqld.exe: Shutdown complete

